TN:
SF:src\App.tsx
FN:12,App
FNF:1
FNH:0
FNDA:0,App
DA:10,0
DA:13,0
LF:2
LH:0
BRF:0
BRH:0
end_of_record
TN:
SF:src\app\api\auditLogs.ts
FN:39,(anonymous_0)
FN:45,(anonymous_1)
FN:51,(anonymous_2)
FNF:3
FNH:3
FNDA:2,(anonymous_0)
FNDA:1,(anonymous_1)
FNDA:1,(anonymous_2)
DA:37,1
DA:40,2
DA:41,2
DA:46,1
DA:47,1
DA:52,1
DA:53,1
LF:7
LH:7
BRDA:39,0,0,2
BRF:1
BRH:1
end_of_record
TN:
SF:src\app\api\auth.ts
FN:3,(anonymous_0)
FN:7,(anonymous_1)
FNF:2
FNH:2
FNDA:1,(anonymous_0)
FNDA:1,(anonymous_1)
DA:3,1
DA:4,1
DA:7,1
DA:8,1
LF:4
LH:4
BRF:0
BRH:0
end_of_record
TN:
SF:src\app\api\backups.ts
FN:11,(anonymous_0)
FN:17,(anonymous_1)
FN:23,(anonymous_2)
FN:40,(anonymous_3)
FN:46,(anonymous_4)
FN:59,(anonymous_5)
FNF:6
FNH:6
FNDA:1,(anonymous_0)
FNDA:1,(anonymous_1)
FNDA:1,(anonymous_2)
FNDA:1,(anonymous_3)
FNDA:1,(anonymous_4)
FNDA:2,(anonymous_5)
DA:9,1
DA:12,1
DA:13,1
DA:18,1
DA:19,1
DA:24,1
DA:29,1
DA:30,1
DA:31,1
DA:32,1
DA:33,1
DA:34,1
DA:35,1
DA:36,1
DA:41,1
DA:42,1
DA:47,1
DA:48,1
DA:50,1
DA:55,1
DA:65,2
DA:66,2
LF:22
LH:22
BRF:0
BRH:0
end_of_record
TN:
SF:src\app\api\expenses.ts
FN:110,(anonymous_0)
FN:128,(anonymous_1)
FN:133,(anonymous_2)
FN:138,(anonymous_3)
FN:143,(anonymous_4)
FN:148,(anonymous_5)
FN:166,(anonymous_6)
FN:172,(anonymous_7)
FN:177,(anonymous_8)
FN:187,(anonymous_9)
FN:201,(anonymous_10)
FNF:11
FNH:8
FNDA:2,(anonymous_0)
FNDA:1,(anonymous_1)
FNDA:1,(anonymous_2)
FNDA:1,(anonymous_3)
FNDA:1,(anonymous_4)
FNDA:2,(anonymous_5)
FNDA:2,(anonymous_6)
FNDA:0,(anonymous_7)
FNDA:1,(anonymous_8)
FNDA:0,(anonymous_9)
FNDA:0,(anonymous_10)
DA:110,1
DA:111,2
DA:113,2
DA:114,2
DA:115,2
DA:116,2
DA:117,2
DA:118,2
DA:119,2
DA:121,2
DA:122,2
DA:124,2
DA:125,2
DA:128,1
DA:129,1
DA:130,1
DA:133,1
DA:134,1
DA:135,1
DA:138,1
DA:139,1
DA:140,1
DA:143,1
DA:144,1
DA:145,1
DA:148,1
DA:153,2
DA:154,2
DA:156,2
DA:157,1
DA:158,1
DA:161,2
DA:162,2
DA:166,1
DA:167,2
DA:168,2
DA:169,2
DA:172,1
DA:173,0
DA:174,0
DA:177,1
DA:183,1
DA:184,1
DA:187,1
DA:197,0
DA:198,0
DA:201,1
DA:202,0
DA:203,0
LF:49
LH:43
BRDA:113,0,0,1
BRDA:113,0,1,1
BRDA:114,1,0,1
BRDA:114,1,1,1
BRDA:115,2,0,1
BRDA:115,2,1,1
BRDA:116,3,0,1
BRDA:116,3,1,1
BRDA:117,4,0,1
BRDA:117,4,1,1
BRDA:118,5,0,1
BRDA:118,5,1,1
BRDA:119,6,0,1
BRDA:119,6,1,1
BRDA:122,7,0,1
BRDA:122,7,1,1
BRDA:149,8,0,2
BRDA:156,9,0,1
BRDA:156,9,1,1
BRDA:156,10,0,2
BRDA:156,10,1,1
BRDA:156,10,2,1
BRDA:166,11,0,2
BRDA:167,12,0,1
BRDA:167,12,1,1
BRF:25
BRH:25
end_of_record
TN:
SF:src\app\api\inventory.ts
FN:39,(anonymous_0)
FN:53,(anonymous_1)
FN:67,(anonymous_2)
FN:85,(anonymous_3)
FN:97,(anonymous_4)
FN:105,(anonymous_5)
FN:113,(anonymous_6)
FN:121,(anonymous_7)
FNF:8
FNH:8
FNDA:2,(anonymous_0)
FNDA:1,(anonymous_1)
FNDA:2,(anonymous_2)
FNDA:1,(anonymous_3)
FNDA:1,(anonymous_4)
FNDA:1,(anonymous_5)
FNDA:1,(anonymous_6)
FNDA:2,(anonymous_7)
DA:39,1
DA:43,2
DA:47,2
DA:53,1
DA:57,1
DA:61,1
DA:67,1
DA:72,2
DA:79,2
DA:85,1
DA:88,1
DA:91,1
DA:97,1
DA:98,1
DA:99,1
DA:105,1
DA:106,1
DA:107,1
DA:113,1
DA:114,1
DA:115,1
DA:121,1
DA:125,2
DA:129,2
LF:24
LH:24
BRF:0
BRH:0
end_of_record
TN:
SF:src\app\api\inventoryAnalytics.ts
FN:113,(anonymous_0)
FN:130,(anonymous_1)
FN:155,(anonymous_2)
FN:163,(anonymous_3)
FNF:4
FNH:4
FNDA:2,(anonymous_0)
FNDA:2,(anonymous_1)
FNDA:2,(anonymous_2)
FNDA:2,(anonymous_3)
DA:113,1
DA:117,2
DA:118,2
DA:119,2
DA:121,2
DA:124,2
DA:130,1
DA:138,2
DA:139,2
DA:140,2
DA:141,2
DA:142,2
DA:143,2
DA:144,2
DA:146,2
DA:149,2
DA:155,1
DA:156,2
DA:157,2
DA:163,1
DA:169,2
DA:170,2
DA:171,2
DA:172,2
DA:173,2
DA:175,2
DA:179,2
LF:27
LH:27
BRDA:118,0,0,1
BRDA:118,0,1,1
BRDA:119,1,0,1
BRDA:119,1,1,1
BRDA:139,2,0,1
BRDA:139,2,1,1
BRDA:140,3,0,1
BRDA:140,3,1,1
BRDA:141,4,0,1
BRDA:141,4,1,1
BRDA:142,5,0,1
BRDA:142,5,1,1
BRDA:143,6,0,1
BRDA:143,6,1,1
BRDA:144,7,0,1
BRDA:144,7,1,1
BRDA:155,8,0,2
BRDA:172,9,0,1
BRDA:172,9,1,1
BRDA:173,10,0,1
BRDA:173,10,1,1
BRF:21
BRH:21
end_of_record
TN:
SF:src\app\api\pos.ts
FN:39,(anonymous_0)
FN:45,(anonymous_1)
FN:51,(anonymous_2)
FN:57,(anonymous_3)
FN:63,(anonymous_4)
FN:69,(anonymous_5)
FN:75,(anonymous_6)
FN:81,(anonymous_7)
FN:87,(anonymous_8)
FNF:9
FNH:9
FNDA:1,(anonymous_0)
FNDA:1,(anonymous_1)
FNDA:1,(anonymous_2)
FNDA:1,(anonymous_3)
FNDA:1,(anonymous_4)
FNDA:1,(anonymous_5)
FNDA:1,(anonymous_6)
FNDA:1,(anonymous_7)
FNDA:1,(anonymous_8)
DA:37,1
DA:40,1
DA:41,1
DA:46,1
DA:47,1
DA:52,1
DA:53,1
DA:58,1
DA:59,1
DA:64,1
DA:65,1
DA:70,1
DA:71,1
DA:76,1
DA:77,1
DA:82,1
DA:83,1
DA:88,1
DA:89,1
LF:19
LH:19
BRF:0
BRH:0
end_of_record
TN:
SF:src\app\api\priceHistory.ts
FN:5,(anonymous_0)
FNF:1
FNH:1
FNDA:2,(anonymous_0)
DA:3,1
DA:6,2
DA:9,2
LF:3
LH:3
BRF:0
BRH:0
end_of_record
TN:
SF:src\app\api\products.ts
FN:9,(anonymous_0)
FN:17,(anonymous_1)
FN:21,(anonymous_2)
FN:25,(anonymous_3)
FN:30,(anonymous_4)
FN:34,(anonymous_5)
FN:41,(anonymous_6)
FNF:7
FNH:7
FNDA:1,(anonymous_0)
FNDA:1,(anonymous_1)
FNDA:1,(anonymous_2)
FNDA:1,(anonymous_3)
FNDA:1,(anonymous_4)
FNDA:1,(anonymous_5)
FNDA:2,(anonymous_6)
DA:9,1
DA:10,1
DA:17,1
DA:18,1
DA:21,1
DA:22,1
DA:25,1
DA:26,1
DA:27,1
DA:30,1
DA:31,1
DA:34,1
DA:35,1
DA:38,1
DA:41,1
DA:42,2
DA:49,2
DA:52,1
LF:18
LH:18
BRF:0
BRH:0
end_of_record
TN:
SF:src\app\api\profile.ts
FN:3,(anonymous_0)
FN:7,(anonymous_1)
FN:15,(anonymous_2)
FNF:3
FNH:3
FNDA:1,(anonymous_0)
FNDA:1,(anonymous_1)
FNDA:1,(anonymous_2)
DA:3,1
DA:4,1
DA:7,1
DA:8,1
DA:15,1
DA:20,1
LF:6
LH:6
BRF:0
BRH:0
end_of_record
TN:
SF:src\app\api\purchaseOrders.ts
FN:75,(anonymous_0)
FN:88,(anonymous_1)
FN:94,(anonymous_2)
FN:100,(anonymous_3)
FN:106,(anonymous_4)
FN:112,(anonymous_5)
FN:118,(anonymous_6)
FN:124,(anonymous_7)
FN:130,(anonymous_8)
FN:136,(anonymous_9)
FN:144,(anonymous_10)
FNF:11
FNH:10
FNDA:2,(anonymous_0)
FNDA:1,(anonymous_1)
FNDA:1,(anonymous_2)
FNDA:0,(anonymous_3)
FNDA:1,(anonymous_4)
FNDA:1,(anonymous_5)
FNDA:1,(anonymous_6)
FNDA:1,(anonymous_7)
FNDA:1,(anonymous_8)
FNDA:1,(anonymous_9)
FNDA:1,(anonymous_10)
DA:73,1
DA:76,2
DA:77,2
DA:78,2
DA:79,2
DA:80,2
DA:82,2
DA:83,2
DA:84,2
DA:89,1
DA:90,1
DA:95,1
DA:96,1
DA:101,0
DA:102,0
DA:107,1
DA:108,1
DA:113,1
DA:114,1
DA:119,1
DA:120,1
DA:125,1
DA:126,1
DA:131,1
DA:132,1
DA:137,1
DA:140,1
DA:145,1
DA:148,1
LF:29
LH:27
BRDA:77,0,0,1
BRDA:77,0,1,1
BRDA:78,1,0,0
BRDA:78,1,1,2
BRDA:79,2,0,1
BRDA:79,2,1,1
BRDA:80,3,0,0
BRDA:80,3,1,2
BRDA:83,4,0,1
BRDA:83,4,1,1
BRDA:90,5,0,1
BRDA:90,5,1,0
BRDA:96,6,0,1
BRDA:96,6,1,0
BRDA:102,7,0,0
BRDA:102,7,1,0
BRDA:114,8,0,1
BRDA:114,8,1,0
BRDA:120,9,0,1
BRDA:120,9,1,0
BRDA:126,10,0,1
BRDA:126,10,1,0
BRDA:132,11,0,1
BRDA:132,11,1,0
BRDA:136,12,0,1
BRF:25
BRH:15
end_of_record
TN:
SF:src\app\api\reports.ts
FN:68,(anonymous_0)
FN:78,(anonymous_1)
FN:84,(anonymous_2)
FN:92,(anonymous_3)
FN:97,(anonymous_4)
FN:102,(anonymous_5)
FN:107,(anonymous_6)
FNF:7
FNH:7
FNDA:3,(anonymous_0)
FNDA:1,(anonymous_1)
FNDA:2,(anonymous_2)
FNDA:1,(anonymous_3)
FNDA:1,(anonymous_4)
FNDA:1,(anonymous_5)
FNDA:1,(anonymous_6)
DA:66,1
DA:69,3
DA:70,3
DA:71,3
DA:73,3
DA:74,3
DA:79,1
DA:80,1
DA:85,2
DA:86,2
DA:88,2
DA:89,2
DA:93,1
DA:94,1
DA:98,1
DA:99,1
DA:103,1
DA:104,1
DA:108,1
DA:111,1
LF:20
LH:20
BRDA:70,0,0,2
BRDA:70,0,1,1
BRDA:71,1,0,2
BRDA:71,1,1,1
BRDA:74,2,0,3
BRDA:74,2,1,0
BRDA:80,3,0,1
BRDA:80,3,1,0
BRDA:84,4,0,2
BRDA:89,5,0,2
BRDA:89,5,1,0
BRDA:94,6,0,1
BRDA:94,6,1,0
BRDA:99,7,0,1
BRDA:99,7,1,0
BRDA:104,8,0,1
BRDA:104,8,1,0
BRF:17
BRH:11
end_of_record
TN:
SF:src\app\api\sales.ts
FN:69,(anonymous_0)
FN:95,(anonymous_1)
FN:101,(anonymous_2)
FN:107,(anonymous_3)
FN:113,(anonymous_4)
FN:119,(anonymous_5)
FN:130,(anonymous_6)
FN:148,(anonymous_7)
FN:162,(anonymous_8)
FN:168,(anonymous_9)
FN:174,(anonymous_10)
FN:180,(anonymous_11)
FN:191,(anonymous_12)
FNF:13
FNH:13
FNDA:2,(anonymous_0)
FNDA:1,(anonymous_1)
FNDA:1,(anonymous_2)
FNDA:1,(anonymous_3)
FNDA:1,(anonymous_4)
FNDA:1,(anonymous_5)
FNDA:1,(anonymous_6)
FNDA:1,(anonymous_7)
FNDA:1,(anonymous_8)
FNDA:1,(anonymous_9)
FNDA:1,(anonymous_10)
FNDA:1,(anonymous_11)
FNDA:2,(anonymous_12)
DA:67,1
DA:79,2
DA:80,2
DA:81,2
DA:82,2
DA:83,2
DA:84,2
DA:85,2
DA:86,2
DA:87,2
DA:89,2
DA:90,2
DA:91,2
DA:96,1
DA:97,1
DA:102,1
DA:103,1
DA:108,1
DA:109,1
DA:114,1
DA:115,1
DA:120,1
DA:121,1
DA:122,1
DA:124,1
DA:125,1
DA:126,1
DA:135,1
DA:136,1
DA:138,1
DA:139,0
DA:140,0
DA:143,1
DA:144,1
DA:149,1
DA:150,1
DA:151,1
DA:152,1
DA:154,1
DA:155,1
DA:158,1
DA:163,1
DA:164,1
DA:169,1
DA:170,1
DA:175,1
DA:176,1
DA:186,1
DA:187,1
DA:192,2
DA:193,2
DA:194,2
DA:195,2
DA:196,2
LF:54
LH:52
BRDA:80,0,0,1
BRDA:80,0,1,1
BRDA:81,1,0,1
BRDA:81,1,1,1
BRDA:82,2,0,1
BRDA:82,2,1,1
BRDA:83,3,0,1
BRDA:83,3,1,1
BRDA:84,4,0,0
BRDA:84,4,1,2
BRDA:85,5,0,1
BRDA:85,5,1,1
BRDA:86,6,0,1
BRDA:86,6,1,1
BRDA:87,7,0,1
BRDA:87,7,1,1
BRDA:90,8,0,1
BRDA:90,8,1,1
BRDA:97,9,0,1
BRDA:97,9,1,0
BRDA:103,10,0,1
BRDA:103,10,1,0
BRDA:109,11,0,1
BRDA:109,11,1,0
BRDA:121,12,0,1
BRDA:121,12,1,0
BRDA:122,13,0,1
BRDA:122,13,1,0
BRDA:125,14,0,1
BRDA:125,14,1,0
BRDA:126,15,0,1
BRDA:126,15,1,0
BRDA:131,16,0,1
BRDA:138,17,0,0
BRDA:138,17,1,1
BRDA:138,18,0,1
BRDA:138,18,1,0
BRDA:138,18,2,0
BRDA:148,19,0,1
BRDA:150,20,0,1
BRDA:150,20,1,0
BRDA:151,21,0,1
BRDA:151,21,1,0
BRDA:155,22,0,1
BRDA:155,22,1,0
BRDA:193,23,0,2
BRDA:193,23,1,0
BRDA:194,24,0,1
BRDA:194,24,1,1
BRF:49
BRH:34
end_of_record
TN:
SF:src\app\api\settings.ts
FN:20,getSettings
FN:25,updateSettings
FNF:2
FNH:2
FNDA:1,getSettings
FNDA:2,updateSettings
DA:21,1
DA:22,1
DA:26,2
DA:27,2
LF:4
LH:4
BRF:0
BRH:0
end_of_record
TN:
SF:src\app\api\suppliers.ts
FN:7,(anonymous_0)
FN:19,(anonymous_1)
FN:25,(anonymous_2)
FN:31,(anonymous_3)
FN:37,(anonymous_4)
FN:43,(anonymous_5)
FNF:6
FNH:6
FNDA:2,(anonymous_0)
FNDA:1,(anonymous_1)
FNDA:1,(anonymous_2)
FNDA:1,(anonymous_3)
FNDA:1,(anonymous_4)
FNDA:1,(anonymous_5)
DA:5,1
DA:8,2
DA:9,2
DA:10,2
DA:11,2
DA:13,2
DA:14,2
DA:15,2
DA:20,1
DA:21,1
DA:26,1
DA:27,1
DA:32,1
DA:33,1
DA:38,1
DA:39,1
DA:44,1
DA:45,1
LF:18
LH:18
BRDA:9,0,0,1
BRDA:9,0,1,1
BRDA:10,1,0,1
BRDA:10,1,1,1
BRDA:11,2,0,1
BRDA:11,2,1,1
BRDA:14,3,0,2
BRDA:14,3,1,0
BRDA:21,4,0,1
BRDA:21,4,1,0
BRDA:27,5,0,1
BRDA:27,5,1,0
BRDA:33,6,0,1
BRDA:33,6,1,0
BRDA:45,7,0,1
BRDA:45,7,1,0
BRF:16
BRH:11
end_of_record
TN:
SF:src\app\api\users.ts
FN:3,(anonymous_0)
FN:7,(anonymous_1)
FN:16,(anonymous_2)
FN:29,(anonymous_3)
FN:33,(anonymous_4)
FNF:5
FNH:5
FNDA:1,(anonymous_0)
FNDA:1,(anonymous_1)
FNDA:2,(anonymous_2)
FNDA:1,(anonymous_3)
FNDA:1,(anonymous_4)
DA:3,1
DA:4,1
DA:7,1
DA:13,1
DA:16,1
DA:26,2
DA:29,1
DA:30,1
DA:33,1
DA:34,1
LF:10
LH:10
BRF:0
BRH:0
end_of_record
TN:
SF:src\app\auth\AuthContext.tsx
FN:17,persistUser
FN:25,loadCachedUser
FN:34,AuthProvider
FN:44,(anonymous_3)
FN:45,(anonymous_4)
FN:101,(anonymous_5)
FN:116,(anonymous_6)
FN:135,useAuth
FNF:8
FNH:8
FNDA:5,persistUser
FNDA:1,loadCachedUser
FNDA:14,AuthProvider
FNDA:6,(anonymous_3)
FNDA:6,(anonymous_4)
FNDA:1,(anonymous_5)
FNDA:1,(anonymous_6)
FNDA:19,useAuth
DA:13,1
DA:15,1
DA:18,5
DA:19,3
DA:21,2
DA:26,1
DA:27,1
DA:28,1
DA:30,0
DA:35,14
DA:41,14
DA:44,14
DA:45,6
DA:46,6
DA:48,6
DA:49,2
DA:50,2
DA:53,4
DA:54,4
DA:55,2
DA:57,2
DA:65,2
DA:66,1
DA:67,1
DA:68,1
DA:75,1
DA:76,1
DA:77,1
DA:84,0
DA:85,0
DA:86,0
DA:94,4
DA:98,6
DA:101,14
DA:102,1
DA:104,1
DA:105,1
DA:107,1
DA:113,1
DA:116,14
DA:117,1
DA:118,1
DA:119,1
DA:121,1
DA:128,14
DA:136,19
DA:137,19
DA:138,4
DA:140,14
LF:49
LH:45
BRDA:18,0,0,3
BRDA:18,0,1,2
BRDA:28,1,0,1
BRDA:28,1,1,0
BRDA:48,2,0,2
BRDA:48,2,1,4
BRDA:65,3,0,1
BRDA:65,3,1,1
BRDA:65,4,0,2
BRDA:65,4,1,1
BRDA:76,5,0,1
BRDA:76,5,1,0
BRDA:137,6,0,4
BRDA:137,6,1,15
BRF:14
BRH:12
end_of_record
TN:
SF:src\app\auth\authService.ts
FN:11,login
FN:23,logout
FN:34,me
FNF:3
FNH:0
FNDA:0,login
FNDA:0,logout
FNDA:0,me
DA:12,0
DA:14,0
DA:16,0
DA:24,0
DA:25,0
DA:30,0
DA:35,0
DA:36,0
LF:8
LH:0
BRF:0
BRH:0
end_of_record
TN:
SF:src\app\auth\guards.ts
FN:3,(anonymous_0)
FN:5,(anonymous_1)
FN:8,(anonymous_2)
FN:11,(anonymous_3)
FNF:4
FNH:4
FNDA:4,(anonymous_0)
FNDA:4,(anonymous_1)
FNDA:3,(anonymous_2)
FNDA:4,(anonymous_3)
DA:3,4
DA:5,1
DA:6,4
DA:8,1
DA:9,3
DA:11,1
DA:12,4
LF:7
LH:7
BRF:0
BRH:0
end_of_record
TN:
SF:src\app\auth\token.ts
FN:4,(anonymous_0)
FN:8,(anonymous_1)
FN:12,(anonymous_2)
FNF:3
FNH:3
FNDA:25,(anonymous_0)
FNDA:5,(anonymous_1)
FNDA:3,(anonymous_2)
DA:1,2
DA:3,2
DA:5,25
DA:9,5
DA:13,3
LF:5
LH:5
BRF:0
BRH:0
end_of_record
TN:
SF:src\app\auth\types.ts
FNF:0
FNH:0
LF:0
LH:0
BRF:0
BRH:0
end_of_record
TN:
SF:src\app\layouts\AdminLayout.tsx
FN:4,AdminLayout
FNF:1
FNH:0
FNDA:0,AdminLayout
DA:5,0
LF:1
LH:0
BRF:0
BRH:0
end_of_record
TN:
SF:src\app\layouts\AdminSidebar.tsx
FN:10,AdminSidebar
FN:18,(anonymous_1)
FN:22,(anonymous_2)
FN:23,(anonymous_3)
FN:24,(anonymous_4)
FN:47,(anonymous_5)
FN:56,(anonymous_6)
FN:73,(anonymous_7)
FN:80,(anonymous_8)
FNF:9
FNH:0
FNDA:0,AdminSidebar
FNDA:0,(anonymous_1)
FNDA:0,(anonymous_2)
FNDA:0,(anonymous_3)
FNDA:0,(anonymous_4)
FNDA:0,(anonymous_5)
FNDA:0,(anonymous_6)
FNDA:0,(anonymous_7)
FNDA:0,(anonymous_8)
DA:11,0
DA:12,0
DA:13,0
DA:14,0
DA:16,0
DA:18,0
DA:19,0
DA:22,0
DA:23,0
DA:24,0
DA:25,0
DA:26,0
DA:27,0
DA:28,0
DA:29,0
DA:30,0
DA:32,0
DA:35,0
DA:37,0
DA:40,0
DA:47,0
DA:56,0
DA:74,0
DA:76,0
DA:80,0
LF:25
LH:0
BRDA:16,0,0,0
BRDA:16,0,1,0
BRDA:30,1,0,0
BRDA:30,1,1,0
BRDA:49,2,0,0
BRDA:49,2,1,0
BRDA:53,3,0,0
BRDA:53,3,1,0
BRDA:67,4,0,0
BRDA:67,4,1,0
BRDA:74,5,0,0
BRDA:74,5,1,0
BRDA:74,5,2,0
BRDA:82,6,0,0
BRDA:82,6,1,0
BRDA:88,7,0,0
BRDA:88,7,1,0
BRDA:88,7,2,0
BRF:18
BRH:0
end_of_record
TN:
SF:src\app\layouts\adminSidebarConfig.ts
FNF:0
FNH:0
DA:12,0
LF:1
LH:0
BRF:0
BRH:0
end_of_record
TN:
SF:src\app\lib\api.ts
FN:14,(anonymous_0)
FN:26,(anonymous_1)
FN:27,(anonymous_2)
FNF:3
FNH:0
FNDA:0,(anonymous_0)
FNDA:0,(anonymous_1)
FNDA:0,(anonymous_2)
DA:5,0
DA:14,0
DA:15,0
DA:17,0
DA:18,0
DA:21,0
DA:25,0
DA:26,0
DA:28,0
DA:30,0
DA:31,0
DA:34,0
LF:12
LH:0
BRDA:17,0,0,0
BRDA:17,0,1,0
BRDA:28,1,0,0
BRDA:28,1,1,0
BRF:4
BRH:0
end_of_record
TN:
SF:src\app\lib\errorHandler.ts
FN:13,handleApiError
FNF:1
FNH:1
FNDA:12,handleApiError
DA:14,12
DA:16,12
DA:17,9
DA:19,9
DA:20,2
DA:21,7
DA:23,1
DA:24,1
DA:25,6
DA:26,2
DA:27,4
DA:28,1
DA:29,3
DA:30,1
DA:31,2
DA:32,1
DA:33,1
DA:34,1
DA:36,3
DA:37,1
DA:40,12
DA:41,12
LF:22
LH:22
BRDA:13,0,0,12
BRDA:16,1,0,9
BRDA:16,1,1,3
BRDA:19,2,0,2
BRDA:19,2,1,7
BRDA:21,3,0,1
BRDA:21,3,1,6
BRDA:25,4,0,2
BRDA:25,4,1,4
BRDA:27,5,0,1
BRDA:27,5,1,3
BRDA:29,6,0,1
BRDA:29,6,1,2
BRDA:31,7,0,1
BRDA:31,7,1,1
BRDA:31,8,0,2
BRDA:31,8,1,1
BRDA:33,9,0,1
BRDA:33,9,1,0
BRDA:36,10,0,1
BRDA:36,10,1,2
BRDA:37,11,0,1
BRDA:37,11,1,0
BRF:23
BRH:21
end_of_record
TN:
SF:src\app\pages\Unauthorized.tsx
FN:1,Unauthorized
FNF:1
FNH:0
FNDA:0,Unauthorized
DA:2,0
LF:1
LH:0
BRF:0
BRH:0
end_of_record
TN:
SF:src\app\routes\AdminRoutes.tsx
FN:45,AdminRoutes
FNF:1
FNH:0
FNDA:0,AdminRoutes
DA:46,0
LF:1
LH:0
BRF:0
BRH:0
end_of_record
TN:
SF:src\app\routes\AppRoutes.tsx
FN:9,AppRoutes
FNF:1
FNH:0
FNDA:0,AppRoutes
DA:10,0
LF:1
LH:0
BRF:0
BRH:0
end_of_record
TN:
SF:src\app\routes\ProtectedRoute.tsx
FN:4,ProtectedRoute
FNF:1
FNH:0
FNDA:0,ProtectedRoute
DA:9,0
DA:11,0
DA:12,0
DA:15,0
DA:16,0
DA:19,0
LF:6
LH:0
BRDA:11,0,0,0
BRDA:11,0,1,0
BRDA:15,1,0,0
BRDA:15,1,1,0
BRF:4
BRH:0
end_of_record
TN:
SF:src\app\routes\RoleProtectedRoute.tsx
FN:16,RoleProtectedRoute
FNF:1
FNH:0
FNDA:0,RoleProtectedRoute
DA:5,0
DA:17,0
DA:19,0
DA:20,0
DA:23,0
DA:24,0
DA:27,0
LF:7
LH:0
BRDA:19,0,0,0
BRDA:19,0,1,0
BRDA:23,1,0,0
BRDA:23,1,1,0
BRDA:23,2,0,0
BRDA:23,2,1,0
BRDA:24,3,0,0
BRDA:24,3,1,0
BRF:8
BRH:0
end_of_record
TN:
SF:src\components\AdminHeader.tsx
FN:8,AdminHeader
FN:30,(anonymous_1)
FNF:2
FNH:0
FNDA:0,AdminHeader
FNDA:0,(anonymous_1)
DA:9,0
DA:10,0
DA:12,0
DA:14,0
DA:20,0
DA:30,0
LF:6
LH:0
BRDA:12,0,0,0
BRDA:12,0,1,0
BRDA:14,1,0,0
BRDA:14,1,1,0
BRDA:16,2,0,0
BRDA:16,2,1,0
BRDA:30,3,0,0
BRDA:30,3,1,0
BRF:8
BRH:0
end_of_record
TN:
SF:src\components\BarcodeScanner.tsx
FN:15,BarcodeScanner
FN:26,(anonymous_1)
FN:52,(anonymous_2)
FN:58,(anonymous_3)
FN:71,(anonymous_4)
FN:82,(anonymous_5)
FN:90,(anonymous_6)
FN:91,(anonymous_7)
FN:160,(anonymous_8)
FNF:9
FNH:0
FNDA:0,BarcodeScanner
FNDA:0,(anonymous_1)
FNDA:0,(anonymous_2)
FNDA:0,(anonymous_3)
FNDA:0,(anonymous_4)
FNDA:0,(anonymous_5)
FNDA:0,(anonymous_6)
FNDA:0,(anonymous_7)
FNDA:0,(anonymous_8)
DA:21,0
DA:22,0
DA:23,0
DA:24,0
DA:26,0
DA:27,0
DA:28,0
DA:29,0
DA:32,0
DA:49,0
DA:54,0
DA:55,0
DA:56,0
DA:64,0
DA:66,0
DA:67,0
DA:71,0
DA:72,0
DA:73,0
DA:74,0
DA:75,0
DA:78,0
DA:82,0
DA:83,0
DA:84,0
DA:85,0
DA:86,0
DA:90,0
DA:91,0
DA:93,0
DA:94,0
DA:99,0
DA:160,0
LF:33
LH:0
BRDA:18,0,0,0
BRDA:19,1,0,0
BRDA:28,2,0,0
BRDA:28,2,1,0
BRDA:67,3,0,0
BRDA:67,3,1,0
BRDA:73,4,0,0
BRDA:73,4,1,0
BRDA:73,5,0,0
BRDA:73,5,1,0
BRDA:84,6,0,0
BRDA:84,6,1,0
BRDA:93,7,0,0
BRDA:93,7,1,0
BRDA:106,8,0,0
BRDA:106,8,1,0
BRDA:117,9,0,0
BRDA:117,9,1,0
BRDA:120,10,0,0
BRDA:120,10,1,0
BRDA:142,11,0,0
BRDA:142,11,1,0
BRF:22
BRH:0
end_of_record
TN:
SF:src\components\DataPagination.tsx
FN:19,DataPagination
FN:32,(anonymous_1)
FN:65,(anonymous_2)
FN:69,(anonymous_3)
FN:76,(anonymous_4)
FN:88,(anonymous_5)
FNF:6
FNH:1
FNDA:6,DataPagination
FNDA:0,(anonymous_1)
FNDA:0,(anonymous_2)
FNDA:0,(anonymous_3)
FNDA:0,(anonymous_4)
FNDA:0,(anonymous_5)
DA:26,6
DA:28,0
DA:29,0
DA:32,0
DA:33,0
DA:35,0
DA:36,0
DA:38,0
DA:40,0
DA:42,0
DA:43,0
DA:45,0
DA:47,0
DA:49,0
DA:52,0
DA:55,0
DA:65,0
DA:69,0
DA:76,0
DA:88,0
LF:20
LH:1
BRDA:26,0,0,6
BRDA:26,0,1,0
BRDA:35,1,0,0
BRDA:35,1,1,0
BRDA:40,2,0,0
BRDA:40,2,1,0
BRDA:47,3,0,0
BRDA:47,3,1,0
BRDA:58,4,0,0
BRDA:58,4,1,0
BRDA:65,5,0,0
BRDA:65,5,1,0
BRDA:66,6,0,0
BRDA:66,6,1,0
BRDA:71,7,0,0
BRDA:71,7,1,0
BRDA:88,8,0,0
BRDA:88,8,1,0
BRDA:89,9,0,0
BRDA:89,9,1,0
BRF:20
BRH:1
end_of_record
TN:
SF:src\components\DatePicker.tsx
FN:17,DatePicker
FN:29,(anonymous_1)
FNF:2
FNH:1
FNDA:40,DatePicker
FNDA:0,(anonymous_1)
DA:27,40
DA:29,40
DA:30,0
DA:32,0
DA:33,0
DA:35,0
DA:39,40
LF:7
LH:3
BRDA:20,0,0,40
BRDA:21,1,0,40
BRDA:22,2,0,40
BRDA:27,3,0,40
BRDA:27,3,1,0
BRDA:30,4,0,0
BRDA:30,4,1,0
BRF:7
BRH:4
end_of_record
TN:
SF:src\components\DatePickerWithToday.tsx
FN:20,DatePickerWithToday
FN:34,(anonymous_1)
FN:41,(anonymous_2)
FN:85,(anonymous_3)
FNF:4
FNH:0
FNDA:0,DatePickerWithToday
FNDA:0,(anonymous_1)
FNDA:0,(anonymous_2)
FNDA:0,(anonymous_3)
DA:30,0
DA:32,0
DA:34,0
DA:35,0
DA:36,0
DA:37,0
DA:41,0
DA:42,0
DA:43,0
DA:44,0
DA:48,0
DA:49,0
DA:50,0
DA:52,0
DA:86,0
DA:87,0
DA:88,0
LF:17
LH:0
BRDA:23,0,0,0
BRDA:24,1,0,0
BRDA:25,2,0,0
BRDA:32,3,0,0
BRDA:32,3,1,0
BRDA:35,4,0,0
BRDA:35,4,1,0
BRDA:49,5,0,0
BRDA:49,5,1,0
BRDA:50,6,0,0
BRDA:50,6,1,0
BRDA:59,7,0,0
BRDA:59,7,1,0
BRDA:64,8,0,0
BRDA:64,8,1,0
BRDA:85,9,0,0
BRDA:85,9,1,0
BRDA:85,10,0,0
BRDA:85,10,1,0
BRDA:86,11,0,0
BRDA:86,11,1,0
BRDA:86,12,0,0
BRDA:86,12,1,0
BRDA:87,13,0,0
BRDA:87,13,1,0
BRDA:87,14,0,0
BRDA:87,14,1,0
BRF:27
BRH:0
end_of_record
TN:
SF:src\components\ErrorBoundary.tsx
FN:21,(anonymous_0)
FN:33,(anonymous_1)
FN:16,(anonymous_2)
FN:25,(anonymous_3)
FN:29,(anonymous_4)
FNF:5
FNH:0
FNDA:0,(anonymous_0)
FNDA:0,(anonymous_1)
FNDA:0,(anonymous_2)
FNDA:0,(anonymous_3)
FNDA:0,(anonymous_4)
DA:17,0
DA:18,0
DA:22,0
DA:26,0
DA:30,0
DA:34,0
DA:35,0
DA:36,0
DA:39,0
DA:68,0
LF:10
LH:0
BRDA:34,0,0,0
BRDA:34,0,1,0
BRDA:35,1,0,0
BRDA:35,1,1,0
BRDA:49,2,0,0
BRDA:49,2,1,0
BRF:6
BRH:0
end_of_record
TN:
SF:src\components\MonthYearPicker.tsx
FN:35,MonthYearPicker
FN:54,(anonymous_1)
FN:60,(anonymous_2)
FN:69,(anonymous_3)
FN:78,(anonymous_4)
FN:129,(anonymous_5)
FN:145,(anonymous_6)
FN:159,(anonymous_7)
FNF:8
FNH:0
FNDA:0,MonthYearPicker
FNDA:0,(anonymous_1)
FNDA:0,(anonymous_2)
FNDA:0,(anonymous_3)
FNDA:0,(anonymous_4)
FNDA:0,(anonymous_5)
FNDA:0,(anonymous_6)
FNDA:0,(anonymous_7)
DA:20,0
DA:44,0
DA:47,0
DA:48,0
DA:51,0
DA:52,0
DA:53,0
DA:54,0
DA:57,0
DA:58,0
DA:60,0
DA:61,0
DA:62,0
DA:64,0
DA:65,0
DA:69,0
DA:70,0
DA:71,0
DA:73,0
DA:74,0
DA:78,0
DA:79,0
DA:80,0
DA:81,0
DA:82,0
DA:83,0
DA:84,0
DA:85,0
DA:88,0
DA:92,0
DA:129,0
DA:145,0
DA:159,0
LF:33
LH:0
BRDA:38,0,0,0
BRDA:39,1,0,0
BRDA:47,2,0,0
BRDA:47,2,1,0
BRDA:48,3,0,0
BRDA:48,3,1,0
BRDA:52,4,0,0
BRDA:52,4,1,0
BRDA:53,5,0,0
BRDA:53,5,1,0
BRDA:62,6,0,0
BRDA:62,6,1,0
BRDA:71,7,0,0
BRDA:71,7,1,0
BRDA:88,8,0,0
BRDA:88,8,1,0
BRDA:99,9,0,0
BRDA:99,9,1,0
BRDA:155,10,0,0
BRDA:155,10,1,0
BRDA:155,10,2,0
BRF:21
BRH:0
end_of_record
TN:
SF:src\components\NavLink.tsx
FN:12,(anonymous_0)
FN:17,(anonymous_1)
FNF:2
FNH:0
FNDA:0,(anonymous_0)
FNDA:0,(anonymous_1)
DA:11,0
DA:13,0
DA:17,0
DA:26,0
LF:4
LH:0
BRDA:18,0,0,0
BRDA:18,0,1,0
BRDA:18,1,0,0
BRDA:18,1,1,0
BRF:4
BRH:0
end_of_record
TN:
SF:src\components\PriceComparisonModal.tsx
FN:38,PriceComparisonModal
FN:46,(anonymous_1)
FN:50,(anonymous_2)
FN:71,(anonymous_3)
FN:80,(anonymous_4)
FN:118,(anonymous_5)
FN:129,(anonymous_6)
FN:181,(anonymous_7)
FNF:8
FNH:0
FNDA:0,PriceComparisonModal
FNDA:0,(anonymous_1)
FNDA:0,(anonymous_2)
FNDA:0,(anonymous_3)
FNDA:0,(anonymous_4)
FNDA:0,(anonymous_5)
FNDA:0,(anonymous_6)
FNDA:0,(anonymous_7)
DA:44,0
DA:46,0
DA:48,0
DA:50,0
DA:51,0
DA:52,0
DA:54,0
DA:55,0
DA:56,0
DA:58,0
DA:59,0
DA:68,0
DA:71,0
DA:72,0
DA:73,0
DA:74,0
DA:75,0
DA:77,0
DA:80,0
DA:81,0
DA:82,0
DA:84,0
DA:85,0
DA:88,0
DA:89,0
DA:97,0
DA:105,0
DA:118,0
DA:130,0
DA:131,0
DA:133,0
DA:181,0
LF:32
LH:0
BRDA:52,0,0,0
BRDA:52,0,1,0
BRDA:54,1,0,0
BRDA:54,1,1,0
BRDA:54,2,0,0
BRDA:54,2,1,0
BRDA:58,3,0,0
BRDA:58,3,1,0
BRDA:61,4,0,0
BRDA:61,4,1,0
BRDA:62,5,0,0
BRDA:62,5,1,0
BRDA:72,6,0,0
BRDA:72,6,1,0
BRDA:74,7,0,0
BRDA:74,7,1,0
BRDA:84,8,0,0
BRDA:84,8,1,0
BRDA:88,9,0,0
BRDA:88,9,1,0
BRDA:116,10,0,0
BRDA:116,10,1,0
BRDA:119,11,0,0
BRDA:119,11,1,0
BRDA:131,12,0,0
BRDA:131,12,1,0
BRDA:141,13,0,0
BRDA:141,13,1,0
BRDA:141,13,2,0
BRDA:153,14,0,0
BRDA:153,14,1,0
BRDA:158,15,0,0
BRDA:158,15,1,0
BRDA:163,16,0,0
BRDA:163,16,1,0
BRDA:168,17,0,0
BRDA:168,17,1,0
BRDA:168,17,2,0
BRDA:189,18,0,0
BRDA:189,18,1,0
BRDA:190,19,0,0
BRDA:190,19,1,0
BRDA:198,20,0,0
BRDA:198,20,1,0
BRDA:198,20,2,0
BRF:45
BRH:0
end_of_record
TN:
SF:src\components\ProductImageModal.tsx
FN:12,ProductImageModal
FNF:1
FNH:0
FNDA:0,ProductImageModal
DA:13,0
LF:1
LH:0
BRF:0
BRH:0
end_of_record
TN:
SF:src\components\ProductSearchSelect.tsx
FN:34,ProductSearchSelect
FN:41,(anonymous_1)
FN:76,(anonymous_2)
FN:80,(anonymous_3)
FNF:4
FNH:0
FNDA:0,ProductSearchSelect
FNDA:0,(anonymous_1)
FNDA:0,(anonymous_2)
FNDA:0,(anonymous_3)
DA:40,0
DA:41,0
DA:43,0
DA:76,0
DA:81,0
DA:82,0
LF:6
LH:0
BRDA:38,0,0,0
BRDA:52,1,0,0
BRDA:52,1,1,0
BRDA:55,2,0,0
BRDA:55,2,1,0
BRDA:58,3,0,0
BRDA:58,3,1,0
BRDA:58,3,2,0
BRDA:60,4,0,0
BRDA:60,4,1,0
BRDA:60,5,0,0
BRDA:60,5,1,0
BRDA:79,6,0,0
BRDA:79,6,1,0
BRDA:89,7,0,0
BRDA:89,7,1,0
BRDA:93,8,0,0
BRDA:93,8,1,0
BRDA:96,9,0,0
BRDA:96,9,1,0
BRDA:96,9,2,0
BRDA:98,10,0,0
BRDA:98,10,1,0
BRDA:98,11,0,0
BRDA:98,11,1,0
BRF:25
BRH:0
end_of_record
TN:
SF:src\components\StockAdjustmentModal.tsx
FN:40,StockAdjustmentModal
FN:56,(anonymous_1)
FN:63,(anonymous_2)
FN:68,(anonymous_3)
FN:133,(anonymous_4)
FN:157,(anonymous_5)
FN:185,(anonymous_6)
FN:195,(anonymous_7)
FN:211,(anonymous_8)
FN:235,(anonymous_9)
FN:250,(anonymous_10)
FN:263,(anonymous_11)
FNF:12
FNH:0
FNDA:0,StockAdjustmentModal
FNDA:0,(anonymous_1)
FNDA:0,(anonymous_2)
FNDA:0,(anonymous_3)
FNDA:0,(anonymous_4)
FNDA:0,(anonymous_5)
FNDA:0,(anonymous_6)
FNDA:0,(anonymous_7)
FNDA:0,(anonymous_8)
FNDA:0,(anonymous_9)
FNDA:0,(anonymous_10)
FNDA:0,(anonymous_11)
DA:46,0
DA:47,0
DA:48,0
DA:51,0
DA:52,0
DA:53,0
DA:54,0
DA:56,0
DA:57,0
DA:58,0
DA:59,0
DA:60,0
DA:63,0
DA:64,0
DA:65,0
DA:68,0
DA:69,0
DA:71,0
DA:72,0
DA:73,0
DA:78,0
DA:81,0
DA:82,0
DA:85,0
DA:86,0
DA:92,0
DA:93,0
DA:99,0
DA:102,0
DA:107,0
DA:108,0
DA:109,0
DA:111,0
DA:117,0
DA:121,0
DA:123,0
DA:133,0
DA:157,0
DA:185,0
DA:195,0
DA:211,0
DA:235,0
DA:250,0
DA:263,0
LF:44
LH:0
BRDA:69,0,0,0
BRDA:69,0,1,0
BRDA:72,1,0,0
BRDA:72,1,1,0
BRDA:72,2,0,0
BRDA:72,2,1,0
BRDA:85,3,0,0
BRDA:85,3,1,0
BRDA:89,4,0,0
BRDA:89,4,1,0
BRDA:90,5,0,0
BRDA:90,5,1,0
BRDA:92,6,0,0
BRDA:92,6,1,0
BRDA:96,7,0,0
BRDA:96,7,1,0
BRDA:99,8,0,0
BRDA:99,8,1,0
BRDA:104,9,0,0
BRDA:104,9,1,0
BRDA:113,10,0,0
BRDA:113,10,1,0
BRDA:121,11,0,0
BRDA:121,11,1,0
BRDA:254,12,0,0
BRDA:254,12,1,0
BRDA:275,13,0,0
BRDA:275,13,1,0
BRDA:276,14,0,0
BRDA:276,14,1,0
BRF:30
BRH:0
end_of_record
TN:
SF:src\components\StockBadge.tsx
FN:13,StockBadge
FN:20,(anonymous_1)
FNF:2
FNH:2
FNDA:22,StockBadge
FNDA:22,(anonymous_1)
DA:20,22
DA:21,22
DA:23,5
DA:30,1
DA:37,1
DA:44,15
DA:53,22
DA:54,22
DA:56,22
LF:9
LH:9
BRDA:17,0,0,22
BRDA:18,1,0,22
BRDA:21,2,0,5
BRDA:21,2,1,1
BRDA:21,2,2,1
BRDA:21,2,3,15
BRDA:61,3,0,22
BRDA:61,3,1,22
BRDA:63,4,0,22
BRDA:63,4,1,17
BRDA:63,4,2,16
BRF:11
BRH:11
end_of_record
TN:
SF:src\components\StockHistoryModal.tsx
FN:31,StockHistoryModal
FN:41,(anonymous_1)
FN:47,(anonymous_2)
FN:65,(anonymous_3)
FN:77,(anonymous_4)
FN:116,(anonymous_5)
FNF:6
FNH:0
FNDA:0,StockHistoryModal
FNDA:0,(anonymous_1)
FNDA:0,(anonymous_2)
FNDA:0,(anonymous_3)
FNDA:0,(anonymous_4)
FNDA:0,(anonymous_5)
DA:37,0
DA:38,0
DA:39,0
DA:41,0
DA:42,0
DA:43,0
DA:47,0
DA:48,0
DA:50,0
DA:51,0
DA:52,0
DA:53,0
DA:55,0
DA:61,0
DA:65,0
DA:66,0
DA:74,0
DA:77,0
DA:78,0
DA:79,0
DA:80,0
DA:83,0
DA:117,0
DA:118,0
LF:24
LH:0
BRDA:42,0,0,0
BRDA:42,0,1,0
BRDA:42,1,0,0
BRDA:42,1,1,0
BRDA:48,2,0,0
BRDA:48,2,1,0
BRDA:57,3,0,0
BRDA:57,3,1,0
BRDA:74,4,0,0
BRDA:74,4,1,0
BRDA:78,5,0,0
BRDA:78,5,1,0
BRDA:79,6,0,0
BRDA:79,6,1,0
BRDA:93,7,0,0
BRDA:93,7,1,0
BRDA:97,8,0,0
BRDA:97,8,1,0
BRDA:133,9,0,0
BRDA:133,9,1,0
BRDA:135,10,0,0
BRDA:135,10,1,0
BRDA:140,11,0,0
BRDA:140,11,1,0
BRDA:152,12,0,0
BRDA:152,12,1,0
BRDA:155,13,0,0
BRDA:155,13,1,0
BRF:28
BRH:0
end_of_record
TN:
SF:src\components\UserProfileMenu.tsx
FN:17,UserProfileMenu
FN:24,(anonymous_1)
FN:34,(anonymous_2)
FN:37,(anonymous_3)
FN:43,(anonymous_4)
FN:110,(anonymous_5)
FN:118,(anonymous_6)
FNF:7
FNH:0
FNDA:0,UserProfileMenu
FNDA:0,(anonymous_1)
FNDA:0,(anonymous_2)
FNDA:0,(anonymous_3)
FNDA:0,(anonymous_4)
FNDA:0,(anonymous_5)
FNDA:0,(anonymous_6)
DA:18,0
DA:19,0
DA:20,0
DA:22,0
DA:24,0
DA:25,0
DA:26,0
DA:27,0
DA:28,0
DA:30,0
DA:34,0
DA:35,0
DA:37,0
DA:43,0
DA:44,0
DA:45,0
DA:52,0
DA:53,0
DA:60,0
DA:68,0
DA:110,0
DA:118,0
LF:22
LH:0
BRDA:22,0,0,0
BRDA:22,0,1,0
BRDA:44,1,0,0
BRDA:44,1,1,0
BRDA:52,2,0,0
BRDA:52,2,1,0
BRDA:115,3,0,0
BRDA:115,3,1,0
BRDA:131,4,0,0
BRDA:131,4,1,0
BRF:10
BRH:0
end_of_record
TN:
SF:src\components\ui\accordion.tsx
FN:12,(anonymous_0)
FN:20,(anonymous_1)
FN:40,(anonymous_2)
FNF:3
FNH:0
FNDA:0,(anonymous_0)
FNDA:0,(anonymous_1)
FNDA:0,(anonymous_2)
DA:7,0
DA:9,0
DA:12,0
DA:15,0
DA:17,0
DA:20,0
DA:35,0
DA:37,0
DA:40,0
DA:50,0
LF:10
LH:0
BRF:0
BRH:0
end_of_record
TN:
SF:src\components\ui\alert-dialog.tsx
FN:16,(anonymous_0)
FN:31,(anonymous_1)
FN:46,(anonymous_2)
FN:51,(anonymous_3)
FN:59,(anonymous_4)
FN:67,(anonymous_5)
FN:75,(anonymous_6)
FN:83,(anonymous_7)
FNF:8
FNH:8
FNDA:4,(anonymous_0)
FNDA:151,(anonymous_1)
FNDA:2,(anonymous_2)
FNDA:2,(anonymous_3)
FNDA:2,(anonymous_4)
FNDA:2,(anonymous_5)
FNDA:2,(anonymous_6)
FNDA:2,(anonymous_7)
DA:7,3
DA:9,3
DA:11,3
DA:13,3
DA:16,4
DA:26,3
DA:28,3
DA:31,151
DA:44,3
DA:46,3
DA:49,3
DA:51,3
DA:54,3
DA:56,3
DA:59,2
DA:62,3
DA:64,3
DA:67,2
DA:70,3
DA:72,3
DA:75,2
DA:78,3
DA:80,3
DA:83,2
DA:90,3
LF:25
LH:25
BRF:0
BRH:0
end_of_record
TN:
SF:src\components\ui\alert.tsx
FN:24,(anonymous_0)
FN:30,(anonymous_1)
FN:37,(anonymous_2)
FNF:3
FNH:0
FNDA:0,(anonymous_0)
FNDA:0,(anonymous_1)
FNDA:0,(anonymous_2)
DA:6,0
DA:21,0
DA:24,0
DA:27,0
DA:29,0
DA:30,0
DA:34,0
DA:36,0
DA:37,0
DA:41,0
LF:10
LH:0
BRF:0
BRH:0
end_of_record
TN:
SF:src\components\ui\aspect-ratio.tsx
FNF:0
FNH:0
DA:3,0
LF:1
LH:0
BRF:0
BRH:0
end_of_record
TN:
SF:src\components\ui\avatar.tsx
FN:9,(anonymous_0)
FN:21,(anonymous_1)
FN:29,(anonymous_2)
FNF:3
FNH:0
FNDA:0,(anonymous_0)
FNDA:0,(anonymous_1)
FNDA:0,(anonymous_2)
DA:6,0
DA:9,0
DA:16,0
DA:18,0
DA:21,0
DA:24,0
DA:26,0
DA:29,0
DA:36,0
LF:9
LH:0
BRF:0
BRH:0
end_of_record
TN:
SF:src\components\ui\badge.tsx
FN:25,Badge
FNF:1
FNH:1
FNDA:115,Badge
DA:6,3
DA:26,115
LF:2
LH:2
BRF:0
BRH:0
end_of_record
TN:
SF:src\components\ui\breadcrumb.tsx
FN:12,(anonymous_0)
FN:16,(anonymous_1)
FN:30,(anonymous_2)
FN:41,(anonymous_3)
FN:49,(anonymous_4)
FN:62,(anonymous_5)
FN:69,(anonymous_6)
FNF:7
FNH:0
FNDA:0,(anonymous_0)
FNDA:0,(anonymous_1)
FNDA:0,(anonymous_2)
FNDA:0,(anonymous_3)
FNDA:0,(anonymous_4)
FNDA:0,(anonymous_5)
FNDA:0,(anonymous_6)
DA:7,0
DA:12,0
DA:13,0
DA:15,0
DA:16,0
DA:27,0
DA:29,0
DA:30,0
DA:34,0
DA:36,0
DA:42,0
DA:44,0
DA:46,0
DA:48,0
DA:49,0
DA:60,0
DA:62,0
DA:67,0
DA:69,0
DA:80,0
LF:20
LH:0
BRDA:42,0,0,0
BRDA:42,0,1,0
BRDA:64,1,0,0
BRDA:64,1,1,0
BRF:4
BRH:0
end_of_record
TN:
SF:src\components\ui\button.tsx
FN:40,(anonymous_0)
FNF:1
FNH:1
FNDA:465,(anonymous_0)
DA:7,5
DA:39,5
DA:41,465
DA:42,465
DA:45,5
LF:5
LH:5
BRDA:40,0,0,465
BRDA:41,1,0,37
BRDA:41,1,1,428
BRF:3
BRH:3
end_of_record
TN:
SF:src\components\ui\calendar.tsx
FN:10,Calendar
FN:51,(anonymous_1)
FN:52,(anonymous_2)
FNF:3
FNH:0
FNDA:0,Calendar
FNDA:0,(anonymous_1)
FNDA:0,(anonymous_2)
DA:11,0
DA:51,0
DA:52,0
DA:58,0
LF:4
LH:0
BRDA:10,0,0,0
BRF:1
BRH:0
end_of_record
TN:
SF:src\components\ui\card.tsx
FN:5,(anonymous_0)
FN:11,(anonymous_1)
FN:18,(anonymous_2)
FN:25,(anonymous_3)
FN:32,(anonymous_4)
FN:37,(anonymous_5)
FNF:6
FNH:5
FNDA:72,(anonymous_0)
FNDA:72,(anonymous_1)
FNDA:72,(anonymous_2)
FNDA:37,(anonymous_3)
FNDA:72,(anonymous_4)
FNDA:0,(anonymous_5)
DA:5,72
DA:8,2
DA:10,2
DA:11,72
DA:15,2
DA:17,2
DA:18,72
DA:22,2
DA:24,2
DA:25,37
DA:29,2
DA:31,2
DA:32,72
DA:34,2
DA:36,2
DA:37,0
DA:41,2
LF:17
LH:16
BRF:0
BRH:0
end_of_record
TN:
SF:src\components\ui\carousel.tsx
FN:31,useCarousel
FN:42,(anonymous_1)
FN:53,(anonymous_2)
FN:62,(anonymous_3)
FN:66,(anonymous_4)
FN:71,(anonymous_5)
FN:83,(anonymous_6)
FN:91,(anonymous_7)
FN:100,(anonymous_8)
FN:135,(anonymous_9)
FN:152,(anonymous_10)
FN:169,(anonymous_11)
FN:197,(anonymous_12)
FNF:13
FNH:0
FNDA:0,useCarousel
FNDA:0,(anonymous_1)
FNDA:0,(anonymous_2)
FNDA:0,(anonymous_3)
FNDA:0,(anonymous_4)
FNDA:0,(anonymous_5)
FNDA:0,(anonymous_6)
FNDA:0,(anonymous_7)
FNDA:0,(anonymous_8)
FNDA:0,(anonymous_9)
FNDA:0,(anonymous_10)
FNDA:0,(anonymous_11)
FNDA:0,(anonymous_12)
DA:29,0
DA:32,0
DA:34,0
DA:35,0
DA:38,0
DA:41,0
DA:43,0
DA:50,0
DA:51,0
DA:53,0
DA:54,0
DA:55,0
DA:58,0
DA:59,0
DA:62,0
DA:63,0
DA:66,0
DA:67,0
DA:70,0
DA:72,0
DA:73,0
DA:74,0
DA:75,0
DA:76,0
DA:77,0
DA:83,0
DA:84,0
DA:85,0
DA:88,0
DA:91,0
DA:92,0
DA:93,0
DA:96,0
DA:97,0
DA:98,0
DA:100,0
DA:101,0
DA:105,0
DA:132,0
DA:134,0
DA:136,0
DA:138,0
DA:149,0
DA:151,0
DA:153,0
DA:155,0
DA:166,0
DA:168,0
DA:170,0
DA:172,0
DA:194,0
DA:196,0
DA:198,0
DA:200,0
DA:222,0
LF:55
LH:0
BRDA:34,0,0,0
BRDA:34,0,1,0
BRDA:42,1,0,0
BRDA:46,2,0,0
BRDA:46,2,1,0
BRDA:54,3,0,0
BRDA:54,3,1,0
BRDA:72,4,0,0
BRDA:72,4,1,0
BRDA:75,5,0,0
BRDA:75,5,1,0
BRDA:84,6,0,0
BRDA:84,6,1,0
BRDA:84,7,0,0
BRDA:84,7,1,0
BRDA:92,8,0,0
BRDA:92,8,1,0
BRDA:111,9,0,0
BRDA:111,9,1,0
BRDA:111,10,0,0
BRDA:111,10,1,0
BRDA:142,11,0,0
BRDA:142,11,1,0
BRDA:160,12,0,0
BRDA:160,12,1,0
BRDA:169,13,0,0
BRDA:169,14,0,0
BRDA:179,15,0,0
BRDA:179,15,1,0
BRDA:197,16,0,0
BRDA:197,17,0,0
BRDA:207,18,0,0
BRDA:207,18,1,0
BRF:33
BRH:0
end_of_record
TN:
SF:src\components\ui\chart.tsx
FN:22,useChart
FN:38,(anonymous_1)
FN:61,(anonymous_2)
FN:62,(anonymous_3)
FN:73,(anonymous_4)
FN:76,(anonymous_5)
FN:103,(anonymous_6)
FN:123,(anonymous_7)
FN:163,(anonymous_8)
FN:237,(anonymous_9)
FN:249,(anonymous_10)
FN:278,getPayloadConfigFromPayload
FNF:12
FNH:0
FNDA:0,useChart
FNDA:0,(anonymous_1)
FNDA:0,(anonymous_2)
FNDA:0,(anonymous_3)
FNDA:0,(anonymous_4)
FNDA:0,(anonymous_5)
FNDA:0,(anonymous_6)
FNDA:0,(anonymous_7)
FNDA:0,(anonymous_8)
FNDA:0,(anonymous_9)
FNDA:0,(anonymous_10)
FNDA:0,getPayloadConfigFromPayload
DA:7,0
DA:20,0
DA:23,0
DA:25,0
DA:26,0
DA:29,0
DA:32,0
DA:39,0
DA:40,0
DA:42,0
DA:59,0
DA:61,0
DA:62,0
DA:64,0
DA:65,0
DA:68,0
DA:73,0
DA:77,0
DA:78,0
DA:90,0
DA:92,0
DA:121,0
DA:123,0
DA:124,0
DA:125,0
DA:128,0
DA:129,0
DA:130,0
DA:132,0
DA:136,0
DA:137,0
DA:140,0
DA:141,0
DA:144,0
DA:147,0
DA:148,0
DA:151,0
DA:153,0
DA:164,0
DA:165,0
DA:166,0
DA:168,0
DA:226,0
DA:228,0
DA:230,0
DA:238,0
DA:240,0
DA:241,0
DA:244,0
DA:250,0
DA:251,0
DA:253,0
DA:275,0
DA:279,0
DA:280,0
DA:284,0
DA:288,0
DA:290,0
DA:291,0
DA:292,0
DA:297,0
DA:300,0
LF:62
LH:0
BRDA:25,0,0,0
BRDA:25,0,1,0
BRDA:40,1,0,0
BRDA:40,1,1,0
BRDA:62,2,0,0
BRDA:62,2,1,0
BRDA:64,3,0,0
BRDA:64,3,1,0
BRDA:77,4,0,0
BRDA:77,4,1,0
BRDA:78,5,0,0
BRDA:78,5,1,0
BRDA:108,6,0,0
BRDA:109,7,0,0
BRDA:110,8,0,0
BRDA:124,9,0,0
BRDA:124,9,1,0
BRDA:124,10,0,0
BRDA:124,10,1,0
BRDA:129,11,0,0
BRDA:129,11,1,0
BRDA:129,11,2,0
BRDA:129,11,3,0
BRDA:132,12,0,0
BRDA:132,12,1,0
BRDA:132,13,0,0
BRDA:132,13,1,0
BRDA:133,14,0,0
BRDA:133,14,1,0
BRDA:136,15,0,0
BRDA:136,15,1,0
BRDA:140,16,0,0
BRDA:140,16,1,0
BRDA:147,17,0,0
BRDA:147,17,1,0
BRDA:147,18,0,0
BRDA:147,18,1,0
BRDA:151,19,0,0
BRDA:151,19,1,0
BRDA:161,20,0,0
BRDA:161,20,1,0
BRDA:164,21,0,0
BRDA:164,21,1,0
BRDA:164,21,2,0
BRDA:164,21,3,0
BRDA:166,22,0,0
BRDA:166,22,1,0
BRDA:166,22,2,0
BRDA:173,23,0,0
BRDA:173,23,1,0
BRDA:176,24,0,0
BRDA:176,24,1,0
BRDA:176,25,0,0
BRDA:176,25,1,0
BRDA:176,25,2,0
BRDA:180,26,0,0
BRDA:180,26,1,0
BRDA:183,27,0,0
BRDA:183,27,1,0
BRDA:189,28,0,0
BRDA:189,28,1,0
BRDA:203,29,0,0
BRDA:203,29,1,0
BRDA:207,30,0,0
BRDA:207,30,1,0
BRDA:208,31,0,0
BRDA:208,31,1,0
BRDA:210,32,0,0
BRDA:210,32,1,0
BRDA:237,33,0,0
BRDA:237,34,0,0
BRDA:240,35,0,0
BRDA:240,35,1,0
BRDA:247,36,0,0
BRDA:247,36,1,0
BRDA:250,37,0,0
BRDA:250,37,1,0
BRDA:250,37,2,0
BRDA:258,38,0,0
BRDA:258,38,1,0
BRDA:258,39,0,0
BRDA:258,39,1,0
BRDA:279,40,0,0
BRDA:279,40,1,0
BRDA:279,41,0,0
BRDA:279,41,1,0
BRDA:284,42,0,0
BRDA:284,42,1,0
BRDA:284,43,0,0
BRDA:284,43,1,0
BRDA:284,43,2,0
BRDA:290,44,0,0
BRDA:290,44,1,0
BRDA:290,45,0,0
BRDA:290,45,1,0
BRDA:292,46,0,0
BRDA:292,46,1,0
BRDA:293,47,0,0
BRDA:293,47,1,0
BRDA:293,47,2,0
BRDA:300,48,0,0
BRDA:300,48,1,0
BRF:102
BRH:0
end_of_record
TN:
SF:src\components\ui\checkbox.tsx
FN:10,(anonymous_0)
FNF:1
FNH:1
FNDA:22,(anonymous_0)
DA:7,2
DA:10,22
DA:24,2
LF:3
LH:3
BRF:0
BRH:0
end_of_record
TN:
SF:src\components\ui\collapsible.tsx
FNF:0
FNH:0
DA:3,0
DA:5,0
DA:7,0
LF:3
LH:0
BRF:0
BRH:0
end_of_record
TN:
SF:src\components\ui\command.tsx
FN:12,(anonymous_0)
FN:26,(anonymous_1)
FN:41,(anonymous_2)
FN:60,(anonymous_3)
FN:73,(anonymous_4)
FN:80,(anonymous_5)
FN:96,(anonymous_6)
FN:104,(anonymous_7)
FN:117,(anonymous_8)
FNF:9
FNH:0
FNDA:0,(anonymous_0)
FNDA:0,(anonymous_1)
FNDA:0,(anonymous_2)
FNDA:0,(anonymous_3)
FNDA:0,(anonymous_4)
FNDA:0,(anonymous_5)
FNDA:0,(anonymous_6)
FNDA:0,(anonymous_7)
FNDA:0,(anonymous_8)
DA:9,0
DA:12,0
DA:22,0
DA:26,0
DA:27,0
DA:38,0
DA:41,0
DA:55,0
DA:57,0
DA:60,0
DA:68,0
DA:70,0
DA:73,0
DA:75,0
DA:77,0
DA:80,0
DA:91,0
DA:93,0
DA:96,0
DA:99,0
DA:101,0
DA:104,0
DA:115,0
DA:117,0
DA:118,0
DA:120,0
LF:26
LH:0
BRF:0
BRH:0
end_of_record
TN:
SF:src\components\ui\context-menu.tsx
FN:24,(anonymous_0)
FN:43,(anonymous_1)
FN:58,(anonymous_2)
FN:77,(anonymous_3)
FN:93,(anonymous_4)
FN:116,(anonymous_5)
FN:140,(anonymous_6)
FN:152,(anonymous_7)
FN:157,(anonymous_8)
FNF:9
FNH:0
FNDA:0,(anonymous_0)
FNDA:0,(anonymous_1)
FNDA:0,(anonymous_2)
FNDA:0,(anonymous_3)
FNDA:0,(anonymous_4)
FNDA:0,(anonymous_5)
FNDA:0,(anonymous_6)
FNDA:0,(anonymous_7)
FNDA:0,(anonymous_8)
DA:7,0
DA:9,0
DA:11,0
DA:13,0
DA:15,0
DA:17,0
DA:19,0
DA:24,0
DA:38,0
DA:40,0
DA:43,0
DA:53,0
DA:55,0
DA:58,0
DA:70,0
DA:72,0
DA:77,0
DA:88,0
DA:90,0
DA:93,0
DA:111,0
DA:113,0
DA:116,0
DA:133,0
DA:135,0
DA:140,0
DA:147,0
DA:149,0
DA:152,0
DA:155,0
DA:157,0
DA:158,0
DA:160,0
LF:33
LH:0
BRDA:29,0,0,0
BRDA:29,0,1,0
BRDA:82,1,0,0
BRDA:82,1,1,0
BRDA:143,2,0,0
BRDA:143,2,1,0
BRF:6
BRH:0
end_of_record
TN:
SF:src\components\ui\dialog.tsx
FN:18,(anonymous_0)
FN:33,(anonymous_1)
FN:54,(anonymous_2)
FN:59,(anonymous_3)
FN:67,(anonymous_4)
FN:79,(anonymous_5)
FNF:6
FNH:6
FNDA:7,(anonymous_0)
FNDA:32,(anonymous_1)
FNDA:5,(anonymous_2)
FNDA:5,(anonymous_3)
FNDA:5,(anonymous_4)
FNDA:5,(anonymous_5)
DA:7,2
DA:9,2
DA:11,2
DA:13,2
DA:15,2
DA:18,7
DA:28,2
DA:30,2
DA:33,32
DA:52,2
DA:54,5
DA:57,2
DA:59,5
DA:62,2
DA:64,2
DA:67,5
DA:74,2
DA:76,2
DA:79,5
DA:82,2
LF:20
LH:20
BRF:0
BRH:0
end_of_record
TN:
SF:src\components\ui\drawer.tsx
FN:6,(anonymous_0)
FN:20,(anonymous_1)
FN:28,(anonymous_2)
FN:46,(anonymous_3)
FN:51,(anonymous_4)
FN:59,(anonymous_5)
FN:71,(anonymous_6)
FNF:7
FNH:0
FNDA:0,(anonymous_0)
FNDA:0,(anonymous_1)
FNDA:0,(anonymous_2)
FNDA:0,(anonymous_3)
FNDA:0,(anonymous_4)
FNDA:0,(anonymous_5)
FNDA:0,(anonymous_6)
DA:6,0
DA:9,0
DA:11,0
DA:13,0
DA:15,0
DA:17,0
DA:20,0
DA:23,0
DA:25,0
DA:28,0
DA:44,0
DA:46,0
DA:49,0
DA:51,0
DA:54,0
DA:56,0
DA:59,0
DA:66,0
DA:68,0
DA:71,0
DA:74,0
LF:21
LH:0
BRDA:6,0,0,0
BRF:1
BRH:0
end_of_record
TN:
SF:src\components\ui\dropdown-menu.tsx
FN:24,(anonymous_0)
FN:43,(anonymous_1)
FN:58,(anonymous_2)
FN:78,(anonymous_3)
FN:94,(anonymous_4)
FN:117,(anonymous_5)
FN:141,(anonymous_6)
FN:153,(anonymous_7)
FN:158,(anonymous_8)
FNF:9
FNH:0
FNDA:0,(anonymous_0)
FNDA:0,(anonymous_1)
FNDA:0,(anonymous_2)
FNDA:0,(anonymous_3)
FNDA:0,(anonymous_4)
FNDA:0,(anonymous_5)
FNDA:0,(anonymous_6)
FNDA:0,(anonymous_7)
FNDA:0,(anonymous_8)
DA:7,0
DA:9,0
DA:11,0
DA:13,0
DA:15,0
DA:17,0
DA:19,0
DA:24,0
DA:38,0
DA:40,0
DA:43,0
DA:53,0
DA:55,0
DA:58,0
DA:71,0
DA:73,0
DA:78,0
DA:89,0
DA:91,0
DA:94,0
DA:112,0
DA:114,0
DA:117,0
DA:134,0
DA:136,0
DA:141,0
DA:148,0
DA:150,0
DA:153,0
DA:156,0
DA:158,0
DA:159,0
DA:161,0
LF:33
LH:0
BRDA:29,0,0,0
BRDA:29,0,1,0
BRDA:58,1,0,0
BRDA:83,2,0,0
BRDA:83,2,1,0
BRDA:144,3,0,0
BRDA:144,3,1,0
BRF:7
BRH:0
end_of_record
TN:
SF:src\components\ui\form.tsx
FN:20,(anonymous_0)
FN:33,(anonymous_1)
FN:63,(anonymous_2)
FN:78,(anonymous_3)
FN:86,(anonymous_4)
FN:103,(anonymous_5)
FN:112,(anonymous_6)
FNF:7
FNH:0
FNDA:0,(anonymous_0)
FNDA:0,(anonymous_1)
FNDA:0,(anonymous_2)
FNDA:0,(anonymous_3)
FNDA:0,(anonymous_4)
FNDA:0,(anonymous_5)
FNDA:0,(anonymous_6)
DA:9,0
DA:18,0
DA:20,0
DA:26,0
DA:33,0
DA:34,0
DA:35,0
DA:36,0
DA:38,0
DA:40,0
DA:41,0
DA:44,0
DA:46,0
DA:60,0
DA:62,0
DA:64,0
DA:66,0
DA:73,0
DA:75,0
DA:79,0
DA:81,0
DA:83,0
DA:85,0
DA:87,0
DA:89,0
DA:100,0
DA:102,0
DA:104,0
DA:106,0
DA:109,0
DA:111,0
DA:113,0
DA:114,0
DA:116,0
DA:117,0
DA:120,0
DA:127,0
LF:37
LH:0
BRDA:40,0,0,0
BRDA:40,0,1,0
BRDA:81,1,0,0
BRDA:81,1,1,0
BRDA:93,2,0,0
BRDA:93,2,1,0
BRDA:114,3,0,0
BRDA:114,3,1,0
BRDA:116,4,0,0
BRDA:116,4,1,0
BRF:10
BRH:0
end_of_record
TN:
SF:src\components\ui\hover-card.tsx
FN:13,(anonymous_0)
FNF:1
FNH:0
FNDA:0,(anonymous_0)
DA:6,0
DA:8,0
DA:10,0
DA:13,0
DA:25,0
LF:5
LH:0
BRDA:13,0,0,0
BRDA:13,1,0,0
BRF:2
BRH:0
end_of_record
TN:
SF:src\components\ui\input-otp.tsx
FN:8,(anonymous_0)
FN:20,(anonymous_1)
FN:27,(anonymous_2)
FN:53,(anonymous_3)
FNF:4
FNH:0
FNDA:0,(anonymous_0)
FNDA:0,(anonymous_1)
FNDA:0,(anonymous_2)
FNDA:0,(anonymous_3)
DA:7,0
DA:8,0
DA:17,0
DA:19,0
DA:20,0
DA:22,0
DA:24,0
DA:28,0
DA:29,0
DA:31,0
DA:50,0
DA:52,0
DA:53,0
DA:59,0
LF:14
LH:0
BRDA:36,0,0,0
BRDA:36,0,1,0
BRDA:42,1,0,0
BRDA:42,1,1,0
BRF:4
BRH:0
end_of_record
TN:
SF:src\components\ui\input.tsx
FN:6,(anonymous_0)
FNF:1
FNH:1
FNDA:203,(anonymous_0)
DA:5,4
DA:7,203
DA:20,4
LF:3
LH:3
BRF:0
BRH:0
end_of_record
TN:
SF:src\components\ui\label.tsx
FN:12,(anonymous_0)
FNF:1
FNH:1
FNDA:258,(anonymous_0)
DA:7,5
DA:9,5
DA:12,258
DA:15,5
LF:4
LH:4
BRF:0
BRH:0
end_of_record
TN:
SF:src\components\ui\menubar.tsx
FN:20,(anonymous_0)
FN:32,(anonymous_1)
FN:49,(anonymous_2)
FN:68,(anonymous_3)
FN:83,(anonymous_4)
FN:105,(anonymous_5)
FN:121,(anonymous_6)
FN:144,(anonymous_7)
FN:168,(anonymous_8)
FN:180,(anonymous_9)
FN:185,(anonymous_10)
FNF:11
FNH:0
FNDA:0,(anonymous_0)
FNDA:0,(anonymous_1)
FNDA:0,(anonymous_2)
FNDA:0,(anonymous_3)
FNDA:0,(anonymous_4)
FNDA:0,(anonymous_5)
FNDA:0,(anonymous_6)
FNDA:0,(anonymous_7)
FNDA:0,(anonymous_8)
FNDA:0,(anonymous_9)
FNDA:0,(anonymous_10)
DA:7,0
DA:9,0
DA:11,0
DA:13,0
DA:15,0
DA:17,0
DA:20,0
DA:27,0
DA:29,0
DA:32,0
DA:42,0
DA:44,0
DA:49,0
DA:63,0
DA:65,0
DA:68,0
DA:78,0
DA:80,0
DA:83,0
DA:98,0
DA:100,0
DA:105,0
DA:116,0
DA:118,0
DA:121,0
DA:139,0
DA:141,0
DA:144,0
DA:161,0
DA:163,0
DA:168,0
DA:175,0
DA:177,0
DA:180,0
DA:183,0
DA:185,0
DA:186,0
DA:188,0
LF:38
LH:0
BRDA:54,0,0,0
BRDA:54,0,1,0
BRDA:83,1,0,0
BRDA:83,2,0,0
BRDA:83,3,0,0
BRDA:110,4,0,0
BRDA:110,4,1,0
BRDA:171,5,0,0
BRDA:171,5,1,0
BRF:9
BRH:0
end_of_record
TN:
SF:src\components\ui\navigation-menu.tsx
FN:11,(anonymous_0)
FN:26,(anonymous_1)
FN:44,(anonymous_2)
FN:62,(anonymous_3)
FN:79,(anonymous_4)
FN:96,(anonymous_5)
FNF:6
FNH:0
FNDA:0,(anonymous_0)
FNDA:0,(anonymous_1)
FNDA:0,(anonymous_2)
FNDA:0,(anonymous_3)
FNDA:0,(anonymous_4)
FNDA:0,(anonymous_5)
DA:8,0
DA:11,0
DA:21,0
DA:23,0
DA:26,0
DA:33,0
DA:35,0
DA:37,0
DA:41,0
DA:44,0
DA:57,0
DA:59,0
DA:62,0
DA:72,0
DA:74,0
DA:76,0
DA:79,0
DA:91,0
DA:93,0
DA:96,0
DA:108,0
LF:21
LH:0
BRF:0
BRH:0
end_of_record
TN:
SF:src\components\ui\pagination.tsx
FN:7,(anonymous_0)
FN:18,(anonymous_1)
FN:24,(anonymous_2)
FN:34,(anonymous_3)
FN:49,(anonymous_4)
FN:57,(anonymous_5)
FN:65,(anonymous_6)
FNF:7
FNH:0
FNDA:0,(anonymous_0)
FNDA:0,(anonymous_1)
FNDA:0,(anonymous_2)
FNDA:0,(anonymous_3)
FNDA:0,(anonymous_4)
FNDA:0,(anonymous_5)
FNDA:0,(anonymous_6)
DA:7,1
DA:15,1
DA:17,1
DA:18,0
DA:22,1
DA:24,1
DA:27,1
DA:34,1
DA:47,1
DA:49,1
DA:55,1
DA:57,1
DA:63,1
DA:65,1
DA:71,1
LF:15
LH:14
BRDA:34,0,0,0
BRDA:36,1,0,0
BRDA:36,1,1,0
BRDA:39,2,0,0
BRDA:39,2,1,0
BRF:5
BRH:0
end_of_record
TN:
SF:src\components\ui\popover.tsx
FN:13,(anonymous_0)
FNF:1
FNH:0
FNDA:0,(anonymous_0)
DA:6,0
DA:8,0
DA:10,0
DA:13,0
DA:27,0
LF:5
LH:0
BRDA:13,0,0,0
BRDA:13,1,0,0
BRF:2
BRH:0
end_of_record
TN:
SF:src\components\ui\progress.tsx
FN:9,(anonymous_0)
FNF:1
FNH:0
FNDA:0,(anonymous_0)
DA:6,0
DA:9,0
DA:51,0
LF:3
LH:0
BRDA:32,0,0,0
BRDA:32,0,1,0
BRF:2
BRH:0
end_of_record
TN:
SF:src\components\ui\radio-group.tsx
FN:10,(anonymous_0)
FN:18,(anonymous_1)
FNF:2
FNH:0
FNDA:0,(anonymous_0)
FNDA:0,(anonymous_1)
DA:7,0
DA:11,0
DA:13,0
DA:15,0
DA:19,0
DA:34,0
LF:6
LH:0
BRF:0
BRH:0
end_of_record
TN:
SF:src\components\ui\resizable.tsx
FN:6,(anonymous_0)
FN:15,(anonymous_1)
FNF:2
FNH:0
FNDA:0,(anonymous_0)
FNDA:0,(anonymous_1)
DA:6,0
DA:13,0
DA:15,0
DA:21,0
LF:4
LH:0
BRDA:29,0,0,0
BRDA:29,0,1,0
BRF:2
BRH:0
end_of_record
TN:
SF:src\components\ui\scroll-area.tsx
FN:9,(anonymous_0)
FN:21,(anonymous_1)
FNF:2
FNH:0
FNDA:0,(anonymous_0)
FNDA:0,(anonymous_1)
DA:6,0
DA:9,0
DA:16,0
DA:18,0
DA:21,0
DA:36,0
LF:6
LH:0
BRDA:21,0,0,0
BRDA:27,1,0,0
BRDA:27,1,1,0
BRDA:28,2,0,0
BRDA:28,2,1,0
BRF:5
BRH:0
end_of_record
TN:
SF:src\components\ui\select.tsx
FN:16,(anonymous_0)
FN:36,(anonymous_1)
FN:50,(anonymous_2)
FN:64,(anonymous_3)
FN:96,(anonymous_4)
FN:104,(anonymous_5)
FN:127,(anonymous_6)
FNF:7
FNH:5
FNDA:17,(anonymous_0)
FNDA:17,(anonymous_1)
FNDA:17,(anonymous_2)
FNDA:17,(anonymous_3)
FNDA:0,(anonymous_4)
FNDA:69,(anonymous_5)
FNDA:0,(anonymous_6)
DA:7,2
DA:9,2
DA:11,2
DA:13,2
DA:16,17
DA:31,2
DA:33,2
DA:36,17
DA:45,2
DA:47,2
DA:50,17
DA:59,2
DA:61,2
DA:64,17
DA:91,2
DA:93,2
DA:96,0
DA:99,2
DA:101,2
DA:104,69
DA:122,2
DA:124,2
DA:127,0
DA:130,2
LF:24
LH:22
BRDA:64,0,0,17
BRDA:70,1,0,17
BRDA:70,1,1,17
BRDA:81,2,0,17
BRDA:81,2,1,17
BRF:5
BRH:5
end_of_record
TN:
SF:src\components\ui\separator.tsx
FN:9,(anonymous_0)
FNF:1
FNH:0
FNDA:0,(anonymous_0)
DA:6,0
DA:9,0
DA:18,0
LF:3
LH:0
BRDA:9,0,0,0
BRDA:9,1,0,0
BRDA:14,2,0,0
BRDA:14,2,1,0
BRF:4
BRH:0
end_of_record
TN:
SF:src\components\ui\sheet.tsx
FN:19,(anonymous_0)
FN:55,(anonymous_1)
FN:70,(anonymous_2)
FN:75,(anonymous_3)
FN:83,(anonymous_4)
FN:91,(anonymous_5)
FNF:6
FNH:0
FNDA:0,(anonymous_0)
FNDA:0,(anonymous_1)
FNDA:0,(anonymous_2)
FNDA:0,(anonymous_3)
FNDA:0,(anonymous_4)
FNDA:0,(anonymous_5)
DA:8,0
DA:10,0
DA:12,0
DA:14,0
DA:16,0
DA:19,0
DA:29,0
DA:31,0
DA:54,0
DA:55,0
DA:68,0
DA:70,0
DA:73,0
DA:75,0
DA:78,0
DA:80,0
DA:83,0
DA:86,0
DA:88,0
DA:91,0
DA:94,0
LF:21
LH:0
BRDA:55,0,0,0
BRF:1
BRH:0
end_of_record
TN:
SF:src\components\ui\sidebar.tsx
FN:34,useSidebar
FN:50,(anonymous_1)
FN:59,(anonymous_2)
FN:74,(anonymous_3)
FN:75,(anonymous_4)
FN:75,(anonymous_5)
FN:79,(anonymous_6)
FN:80,(anonymous_7)
FN:88,(anonymous_8)
FN:96,(anonymous_9)
FN:138,(anonymous_10)
FN:220,(anonymous_11)
FN:230,(anonymous_12)
FN:245,(anonymous_13)
FN:272,(anonymous_14)
FN:288,(anonymous_15)
FN:304,(anonymous_16)
FN:309,(anonymous_17)
FN:315,(anonymous_18)
FN:328,(anonymous_19)
FN:343,(anonymous_20)
FN:356,(anonymous_21)
FN:376,(anonymous_22)
FN:398,(anonymous_23)
FN:404,(anonymous_24)
FN:409,(anonymous_25)
FN:443,(anonymous_26)
FN:483,(anonymous_27)
FN:509,(anonymous_28)
FN:533,(anonymous_29)
FN:535,(anonymous_30)
FN:562,(anonymous_31)
FN:577,(anonymous_32)
FN:589,(anonymous_33)
FNF:34
FNH:0
FNDA:0,useSidebar
FNDA:0,(anonymous_1)
FNDA:0,(anonymous_2)
FNDA:0,(anonymous_3)
FNDA:0,(anonymous_4)
FNDA:0,(anonymous_5)
FNDA:0,(anonymous_6)
FNDA:0,(anonymous_7)
FNDA:0,(anonymous_8)
FNDA:0,(anonymous_9)
FNDA:0,(anonymous_10)
FNDA:0,(anonymous_11)
FNDA:0,(anonymous_12)
FNDA:0,(anonymous_13)
FNDA:0,(anonymous_14)
FNDA:0,(anonymous_15)
FNDA:0,(anonymous_16)
FNDA:0,(anonymous_17)
FNDA:0,(anonymous_18)
FNDA:0,(anonymous_19)
FNDA:0,(anonymous_20)
FNDA:0,(anonymous_21)
FNDA:0,(anonymous_22)
FNDA:0,(anonymous_23)
FNDA:0,(anonymous_24)
FNDA:0,(anonymous_25)
FNDA:0,(anonymous_26)
FNDA:0,(anonymous_27)
FNDA:0,(anonymous_28)
FNDA:0,(anonymous_29)
FNDA:0,(anonymous_30)
FNDA:0,(anonymous_31)
FNDA:0,(anonymous_32)
FNDA:0,(anonymous_33)
DA:15,0
DA:16,0
DA:17,0
DA:18,0
DA:19,0
DA:20,0
DA:32,0
DA:35,0
DA:36,0
DA:37,0
DA:40,0
DA:43,0
DA:51,0
DA:52,0
DA:56,0
DA:57,0
DA:58,0
DA:60,0
DA:61,0
DA:62,0
DA:64,0
DA:68,0
DA:74,0
DA:75,0
DA:79,0
DA:80,0
DA:81,0
DA:82,0
DA:83,0
DA:87,0
DA:88,0
DA:93,0
DA:95,0
DA:96,0
DA:108,0
DA:129,0
DA:131,0
DA:139,0
DA:141,0
DA:142,0
DA:153,0
DA:154,0
DA:173,0
DA:217,0
DA:219,0
DA:221,0
DA:223,0
DA:231,0
DA:232,0
DA:242,0
DA:244,0
DA:246,0
DA:248,0
DA:270,0
DA:272,0
DA:273,0
DA:285,0
DA:287,0
DA:289,0
DA:302,0
DA:304,0
DA:305,0
DA:307,0
DA:309,0
DA:310,0
DA:312,0
DA:314,0
DA:316,0
DA:326,0
DA:328,0
DA:329,0
DA:341,0
DA:343,0
DA:344,0
DA:353,0
DA:355,0
DA:357,0
DA:359,0
DA:373,0
DA:375,0
DA:377,0
DA:379,0
DA:395,0
DA:397,0
DA:398,0
DA:402,0
DA:404,0
DA:407,0
DA:409,0
DA:412,0
DA:414,0
DA:436,0
DA:444,0
DA:445,0
DA:447,0
DA:458,0
DA:459,0
DA:462,0
DA:463,0
DA:468,0
DA:475,0
DA:477,0
DA:484,0
DA:486,0
DA:506,0
DA:508,0
DA:509,0
DA:526,0
DA:528,0
DA:535,0
DA:536,0
DA:539,0
DA:559,0
DA:561,0
DA:562,0
DA:575,0
DA:577,0
DA:580,0
DA:582,0
DA:590,0
DA:592,0
DA:610,0
LF:122
LH:0
BRDA:36,0,0,0
BRDA:36,0,1,0
BRDA:50,1,0,0
BRDA:57,2,0,0
BRDA:57,2,1,0
BRDA:60,3,0,0
BRDA:60,3,1,0
BRDA:61,4,0,0
BRDA:61,4,1,0
BRDA:75,5,0,0
BRDA:75,5,1,0
BRDA:81,6,0,0
BRDA:81,6,1,0
BRDA:81,7,0,0
BRDA:81,7,1,0
BRDA:81,7,2,0
BRDA:93,8,0,0
BRDA:93,8,1,0
BRDA:138,9,0,0
BRDA:138,10,0,0
BRDA:138,11,0,0
BRDA:141,12,0,0
BRDA:141,12,1,0
BRDA:153,13,0,0
BRDA:153,13,1,0
BRDA:178,14,0,0
BRDA:178,14,1,0
BRDA:188,15,0,0
BRDA:188,15,1,0
BRDA:188,16,0,0
BRDA:188,16,1,0
BRDA:196,17,0,0
BRDA:196,17,1,0
BRDA:200,18,0,0
BRDA:200,18,1,0
BRDA:200,19,0,0
BRDA:200,19,1,0
BRDA:356,20,0,0
BRDA:357,21,0,0
BRDA:357,21,1,0
BRDA:376,22,0,0
BRDA:377,23,0,0
BRDA:377,23,1,0
BRDA:443,24,0,0
BRDA:443,25,0,0
BRDA:443,26,0,0
BRDA:443,27,0,0
BRDA:444,28,0,0
BRDA:444,28,1,0
BRDA:458,29,0,0
BRDA:458,29,1,0
BRDA:462,30,0,0
BRDA:462,30,1,0
BRDA:471,31,0,0
BRDA:471,31,1,0
BRDA:483,32,0,0
BRDA:483,33,0,0
BRDA:484,34,0,0
BRDA:484,34,1,0
BRDA:498,35,0,0
BRDA:498,35,1,0
BRDA:533,36,0,0
BRDA:546,37,0,0
BRDA:546,37,1,0
BRDA:589,38,0,0
BRDA:589,39,0,0
BRDA:590,40,0,0
BRDA:590,40,1,0
BRDA:601,41,0,0
BRDA:601,41,1,0
BRDA:602,42,0,0
BRDA:602,42,1,0
BRF:72
BRH:0
end_of_record
TN:
SF:src\components\ui\skeleton.tsx
FN:3,Skeleton
FNF:1
FNH:0
FNDA:0,Skeleton
DA:4,0
LF:1
LH:0
BRF:0
BRH:0
end_of_record
TN:
SF:src\components\ui\slider.tsx
FN:9,(anonymous_0)
FNF:1
FNH:0
FNDA:0,(anonymous_0)
DA:6,0
DA:9,0
DA:21,0
LF:3
LH:0
BRF:0
BRH:0
end_of_record
TN:
SF:src\components\ui\sonner.tsx
FN:6,(anonymous_0)
FNF:1
FNH:0
FNDA:0,(anonymous_0)
DA:6,0
DA:7,0
DA:9,0
LF:3
LH:0
BRDA:7,0,0,0
BRF:1
BRH:0
end_of_record
TN:
SF:src\components\ui\switch.tsx
FN:9,(anonymous_0)
FNF:1
FNH:1
FNDA:55,(anonymous_0)
DA:6,3
DA:9,55
DA:25,3
LF:3
LH:3
BRF:0
BRH:0
end_of_record
TN:
SF:src\components\ui\table.tsx
FN:6,(anonymous_0)
FN:15,(anonymous_1)
FN:20,(anonymous_2)
FN:27,(anonymous_3)
FN:34,(anonymous_4)
FN:45,(anonymous_5)
FN:59,(anonymous_6)
FN:66,(anonymous_7)
FNF:8
FNH:6
FNDA:35,(anonymous_0)
FNDA:35,(anonymous_1)
FNDA:35,(anonymous_2)
FNDA:0,(anonymous_3)
FNDA:121,(anonymous_4)
FNDA:178,(anonymous_5)
FNDA:437,(anonymous_6)
FNDA:0,(anonymous_7)
DA:5,3
DA:6,35
DA:12,3
DA:14,3
DA:15,35
DA:17,3
DA:19,3
DA:20,35
DA:24,3
DA:26,3
DA:27,0
DA:31,3
DA:33,3
DA:34,121
DA:42,3
DA:44,3
DA:45,178
DA:56,3
DA:58,3
DA:59,437
DA:63,3
DA:65,3
DA:66,0
DA:70,3
LF:24
LH:22
BRF:0
BRH:0
end_of_record
TN:
SF:src\components\ui\tabs.tsx
FN:11,(anonymous_0)
FN:26,(anonymous_1)
FN:41,(anonymous_2)
FNF:3
FNH:0
FNDA:0,(anonymous_0)
FNDA:0,(anonymous_1)
FNDA:0,(anonymous_2)
DA:6,0
DA:8,0
DA:11,0
DA:21,0
DA:23,0
DA:26,0
DA:36,0
DA:38,0
DA:41,0
DA:51,0
LF:10
LH:0
BRF:0
BRH:0
end_of_record
TN:
SF:src\components\ui\textarea.tsx
FN:7,(anonymous_0)
FNF:1
FNH:0
FNDA:0,(anonymous_0)
DA:7,1
DA:8,0
DA:19,1
LF:3
LH:2
BRF:0
BRH:0
end_of_record
TN:
SF:src\components\ui\toast.tsx
FN:13,(anonymous_0)
FN:43,(anonymous_1)
FN:51,(anonymous_2)
FN:66,(anonymous_3)
FN:84,(anonymous_4)
FN:92,(anonymous_5)
FNF:6
FNH:0
FNDA:0,(anonymous_0)
FNDA:0,(anonymous_1)
FNDA:0,(anonymous_2)
FNDA:0,(anonymous_3)
FNDA:0,(anonymous_4)
FNDA:0,(anonymous_5)
DA:8,0
DA:10,0
DA:13,0
DA:23,0
DA:25,0
DA:40,0
DA:44,0
DA:46,0
DA:48,0
DA:51,0
DA:61,0
DA:63,0
DA:66,0
DA:79,0
DA:81,0
DA:84,0
DA:87,0
DA:89,0
DA:92,0
DA:95,0
LF:20
LH:0
BRF:0
BRH:0
end_of_record
TN:
SF:src\components\ui\toaster.tsx
FN:4,Toaster
FN:9,(anonymous_1)
FNF:2
FNH:0
FNDA:0,Toaster
FNDA:0,(anonymous_1)
DA:5,0
DA:7,0
DA:10,0
LF:3
LH:0
BRDA:13,0,0,0
BRDA:13,0,1,0
BRDA:14,1,0,0
BRDA:14,1,1,0
BRF:4
BRH:0
end_of_record
TN:
SF:src\components\ui\toggle-group.tsx
FN:16,(anonymous_0)
FN:27,(anonymous_1)
FNF:2
FNH:0
FNDA:0,(anonymous_0)
FNDA:0,(anonymous_1)
DA:8,0
DA:13,0
DA:16,0
DA:22,0
DA:24,0
DA:28,0
DA:30,0
DA:47,0
LF:8
LH:0
BRDA:35,0,0,0
BRDA:35,0,1,0
BRDA:36,1,0,0
BRDA:36,1,1,0
BRF:4
BRH:0
end_of_record
TN:
SF:src\components\ui\toggle.tsx
FN:31,(anonymous_0)
FNF:1
FNH:0
FNDA:0,(anonymous_0)
DA:7,0
DA:28,0
DA:31,0
DA:35,0
LF:4
LH:0
BRF:0
BRH:0
end_of_record
TN:
SF:src\components\ui\tooltip.tsx
FN:15,(anonymous_0)
FNF:1
FNH:0
FNDA:0,(anonymous_0)
DA:6,0
DA:8,0
DA:10,0
DA:12,0
DA:15,0
DA:26,0
LF:6
LH:0
BRDA:15,0,0,0
BRF:1
BRH:0
end_of_record
TN:
SF:src\components\ui\use-toast.ts
FNF:0
FNH:0
LF:0
LH:0
BRF:0
BRH:0
end_of_record
TN:
SF:src\config\api.ts
FNF:0
FNH:0
DA:1,0
LF:1
LH:0
BRF:0
BRH:0
end_of_record
TN:
SF:src\hooks\use-mobile.tsx
FN:5,useIsMobile
FN:8,(anonymous_1)
FN:10,(anonymous_2)
FN:15,(anonymous_3)
FNF:4
FNH:0
FNDA:0,useIsMobile
FNDA:0,(anonymous_1)
FNDA:0,(anonymous_2)
FNDA:0,(anonymous_3)
DA:3,0
DA:6,0
DA:8,0
DA:9,0
DA:10,0
DA:11,0
DA:13,0
DA:14,0
DA:15,0
DA:18,0
LF:10
LH:0
BRF:0
BRH:0
end_of_record
TN:
SF:src\hooks\use-toast.ts
FN:24,genId
FN:55,(anonymous_1)
FN:60,(anonymous_2)
FN:71,(anonymous_3)
FN:82,(anonymous_4)
FN:93,(anonymous_5)
FN:100,(anonymous_6)
FN:119,(anonymous_7)
FN:128,dispatch
FN:130,(anonymous_9)
FN:137,toast
FN:140,(anonymous_11)
FN:145,(anonymous_12)
FN:153,(anonymous_13)
FN:166,useToast
FN:169,(anonymous_15)
FN:171,(anonymous_16)
FN:182,(anonymous_17)
FNF:18
FNH:0
FNDA:0,genId
FNDA:0,(anonymous_1)
FNDA:0,(anonymous_2)
FNDA:0,(anonymous_3)
FNDA:0,(anonymous_4)
FNDA:0,(anonymous_5)
FNDA:0,(anonymous_6)
FNDA:0,(anonymous_7)
FNDA:0,dispatch
FNDA:0,(anonymous_9)
FNDA:0,toast
FNDA:0,(anonymous_11)
FNDA:0,(anonymous_12)
FNDA:0,(anonymous_13)
FNDA:0,useToast
FNDA:0,(anonymous_15)
FNDA:0,(anonymous_16)
FNDA:0,(anonymous_17)
DA:5,0
DA:6,0
DA:15,0
DA:22,0
DA:25,0
DA:26,0
DA:53,0
DA:55,0
DA:56,0
DA:57,0
DA:60,0
DA:61,0
DA:62,0
DA:68,0
DA:71,0
DA:72,0
DA:74,0
DA:80,0
DA:82,0
DA:86,0
DA:90,0
DA:91,0
DA:93,0
DA:94,0
DA:98,0
DA:101,0
DA:111,0
DA:112,0
DA:117,0
DA:119,0
DA:124,0
DA:126,0
DA:129,0
DA:130,0
DA:131,0
DA:138,0
DA:140,0
DA:141,0
DA:145,0
DA:147,0
DA:154,0
DA:159,0
DA:167,0
DA:169,0
DA:170,0
DA:171,0
DA:172,0
DA:173,0
DA:174,0
DA:179,0
DA:182,0
LF:51
LH:0
BRDA:56,0,0,0
BRDA:56,0,1,0
BRDA:72,1,0,0
BRDA:72,1,1,0
BRDA:72,1,2,0
BRDA:72,1,3,0
BRDA:82,2,0,0
BRDA:82,2,1,0
BRDA:90,3,0,0
BRDA:90,3,1,0
BRDA:101,4,0,0
BRDA:101,4,1,0
BRDA:101,5,0,0
BRDA:101,5,1,0
BRDA:111,6,0,0
BRDA:111,6,1,0
BRDA:154,7,0,0
BRDA:154,7,1,0
BRDA:173,8,0,0
BRDA:173,8,1,0
BRF:20
BRH:0
end_of_record
TN:
SF:src\hooks\useAbortController.ts
FN:13,useAbortController
FN:16,(anonymous_1)
FN:25,(anonymous_2)
FN:26,(anonymous_3)
FNF:4
FNH:0
FNDA:0,useAbortController
FNDA:0,(anonymous_1)
FNDA:0,(anonymous_2)
FNDA:0,(anonymous_3)
DA:14,0
DA:16,0
DA:18,0
DA:19,0
DA:21,0
DA:22,0
DA:25,0
DA:26,0
DA:27,0
DA:28,0
DA:33,0
LF:11
LH:0
BRDA:18,0,0,0
BRDA:18,0,1,0
BRDA:27,1,0,0
BRDA:27,1,1,0
BRF:4
BRH:0
end_of_record
TN:
SF:src\hooks\usePosCart.ts
FN:71,getCartKey
FN:75,(anonymous_1)
FN:76,(anonymous_2)
FN:82,(anonymous_3)
FN:88,(anonymous_4)
FN:94,(anonymous_5)
FN:103,(anonymous_6)
FN:107,(anonymous_7)
FN:111,(anonymous_8)
FN:116,(anonymous_9)
FN:133,(anonymous_10)
FN:134,(anonymous_11)
FN:182,(anonymous_12)
FN:183,(anonymous_13)
FN:184,(anonymous_14)
FN:193,(anonymous_15)
FN:202,(anonymous_16)
FN:203,(anonymous_17)
FN:204,(anonymous_18)
FN:213,(anonymous_19)
FN:214,(anonymous_20)
FN:214,(anonymous_21)
FN:218,(anonymous_22)
FN:221,(anonymous_23)
FN:222,(anonymous_24)
FN:238,(anonymous_25)
FN:241,(anonymous_26)
FN:253,(anonymous_27)
FN:254,(anonymous_28)
FN:263,(anonymous_29)
FN:266,(anonymous_30)
FN:267,(anonymous_31)
FN:276,(anonymous_32)
FN:282,(anonymous_33)
FN:294,(anonymous_34)
FN:296,(anonymous_35)
FN:300,(anonymous_36)
FN:305,(anonymous_37)
FN:307,(anonymous_38)
FN:309,(anonymous_39)
FN:311,(anonymous_40)
FNF:41
FNH:41
FNDA:41,getCartKey
FNDA:49,(anonymous_1)
FNDA:20,(anonymous_2)
FNDA:20,(anonymous_3)
FNDA:20,(anonymous_4)
FNDA:20,(anonymous_5)
FNDA:44,(anonymous_6)
FNDA:20,(anonymous_7)
FNDA:22,(anonymous_8)
FNDA:26,(anonymous_9)
FNDA:25,(anonymous_10)
FNDA:6,(anonymous_11)
FNDA:1,(anonymous_12)
FNDA:1,(anonymous_13)
FNDA:1,(anonymous_14)
FNDA:1,(anonymous_15)
FNDA:2,(anonymous_16)
FNDA:2,(anonymous_17)
FNDA:2,(anonymous_18)
FNDA:1,(anonymous_19)
FNDA:1,(anonymous_20)
FNDA:1,(anonymous_21)
FNDA:2,(anonymous_22)
FNDA:1,(anonymous_23)
FNDA:1,(anonymous_24)
FNDA:3,(anonymous_25)
FNDA:2,(anonymous_26)
FNDA:2,(anonymous_27)
FNDA:2,(anonymous_28)
FNDA:1,(anonymous_29)
FNDA:1,(anonymous_30)
FNDA:1,(anonymous_31)
FNDA:2,(anonymous_32)
FNDA:1,(anonymous_33)
FNDA:44,(anonymous_34)
FNDA:44,(anonymous_35)
FNDA:44,(anonymous_36)
FNDA:44,(anonymous_37)
FNDA:44,(anonymous_38)
FNDA:44,(anonymous_39)
FNDA:44,(anonymous_40)
DA:15,1
DA:16,1
DA:17,1
DA:72,41
DA:75,1
DA:76,49
DA:77,20
DA:78,20
DA:79,20
DA:80,0
DA:82,49
DA:83,20
DA:84,20
DA:85,20
DA:86,0
DA:88,49
DA:89,20
DA:90,20
DA:91,20
DA:92,0
DA:94,49
DA:95,20
DA:96,20
DA:97,20
DA:98,0
DA:100,49
DA:103,49
DA:104,44
DA:107,49
DA:108,20
DA:111,49
DA:112,22
DA:116,49
DA:117,26
DA:118,26
DA:119,26
DA:120,26
DA:121,26
DA:122,26
DA:125,26
DA:128,26
DA:129,1
DA:130,1
DA:133,25
DA:134,25
DA:136,25
DA:137,5
DA:138,5
DA:141,5
DA:142,1
DA:143,1
DA:144,1
DA:148,1
DA:149,1
DA:152,4
DA:153,4
DA:157,4
DA:158,4
DA:162,20
DA:176,25
DA:177,25
DA:182,49
DA:183,1
DA:184,1
DA:185,1
DA:187,1
DA:188,1
DA:189,0
DA:190,0
DA:193,1
DA:194,1
DA:202,49
DA:203,2
DA:204,2
DA:205,2
DA:213,49
DA:214,1
DA:218,49
DA:219,2
DA:221,1
DA:222,1
DA:223,1
DA:225,1
DA:226,1
DA:227,0
DA:228,0
DA:231,1
DA:238,49
DA:239,3
DA:241,3
DA:242,2
DA:243,2
DA:244,2
DA:245,0
DA:248,3
DA:249,1
DA:250,1
DA:253,2
DA:254,2
DA:255,2
DA:263,49
DA:264,1
DA:266,1
DA:267,1
DA:268,1
DA:276,49
DA:277,2
DA:278,2
DA:282,49
DA:283,1
DA:284,1
DA:285,1
DA:286,1
DA:287,1
DA:288,1
DA:289,1
DA:290,1
DA:294,49
DA:296,49
DA:297,44
DA:300,49
DA:301,44
DA:305,49
DA:307,49
DA:309,49
DA:311,49
DA:313,49
LF:127
LH:118
BRDA:72,0,0,41
BRDA:72,0,1,41
BRDA:79,1,0,0
BRDA:79,1,1,20
BRDA:85,2,0,0
BRDA:85,2,1,20
BRDA:91,3,0,0
BRDA:91,3,1,20
BRDA:97,4,0,0
BRDA:97,4,1,20
BRDA:117,5,0,26
BRDA:117,5,1,1
BRDA:118,6,0,26
BRDA:118,6,1,26
BRDA:119,7,0,26
BRDA:119,7,1,26
BRDA:120,8,0,26
BRDA:120,8,1,26
BRDA:120,8,2,0
BRDA:121,9,0,26
BRDA:121,9,1,26
BRDA:121,9,2,0
BRDA:128,10,0,1
BRDA:128,10,1,25
BRDA:129,11,0,0
BRDA:129,11,1,1
BRDA:136,12,0,5
BRDA:136,12,1,20
BRDA:141,13,0,1
BRDA:141,13,1,4
BRDA:171,14,0,20
BRDA:171,14,1,0
BRDA:185,15,0,0
BRDA:185,15,1,1
BRDA:188,16,0,0
BRDA:188,16,1,1
BRDA:194,17,0,1
BRDA:194,17,1,0
BRDA:205,18,0,1
BRDA:205,18,1,1
BRDA:205,19,0,2
BRDA:205,19,1,2
BRDA:219,20,0,1
BRDA:219,20,1,1
BRDA:223,21,0,0
BRDA:223,21,1,1
BRDA:226,22,0,0
BRDA:226,22,1,1
BRDA:239,23,0,0
BRDA:239,23,1,3
BRDA:241,24,0,3
BRDA:241,24,1,2
BRDA:243,25,0,2
BRDA:243,25,1,0
BRDA:248,26,0,1
BRDA:248,26,1,2
BRDA:248,27,0,3
BRDA:248,27,1,3
BRDA:255,28,0,2
BRDA:255,28,1,0
BRDA:264,29,0,0
BRDA:264,29,1,1
BRDA:268,30,0,1
BRDA:268,30,1,0
BRF:64
BRH:46
end_of_record
TN:
SF:src\hooks\usePosKeyboard.ts
FN:26,(anonymous_0)
FN:37,(anonymous_1)
FN:38,(anonymous_2)
FN:39,(anonymous_3)
FN:40,(anonymous_4)
FN:41,(anonymous_5)
FN:42,(anonymous_6)
FN:45,(anonymous_7)
FN:73,(anonymous_8)
FN:78,(anonymous_9)
FNF:10
FNH:0
FNDA:0,(anonymous_0)
FNDA:0,(anonymous_1)
FNDA:0,(anonymous_2)
FNDA:0,(anonymous_3)
FNDA:0,(anonymous_4)
FNDA:0,(anonymous_5)
FNDA:0,(anonymous_6)
FNDA:0,(anonymous_7)
FNDA:0,(anonymous_8)
FNDA:0,(anonymous_9)
DA:26,0
DA:36,0
DA:45,0
DA:46,0
DA:49,0
DA:50,0
DA:53,0
DA:55,0
DA:58,0
DA:59,0
DA:65,0
DA:66,0
DA:67,0
DA:68,0
DA:73,0
DA:74,0
DA:76,0
DA:78,0
DA:79,0
DA:83,0
LF:20
LH:0
BRDA:33,0,0,0
BRDA:37,1,0,0
BRDA:37,1,1,0
BRDA:38,2,0,0
BRDA:38,2,1,0
BRDA:39,3,0,0
BRDA:39,3,1,0
BRDA:40,4,0,0
BRDA:40,4,1,0
BRDA:41,5,0,0
BRDA:41,5,1,0
BRDA:42,6,0,0
BRDA:42,6,1,0
BRDA:46,7,0,0
BRDA:46,7,1,0
BRDA:50,8,0,0
BRDA:50,8,1,0
BRDA:50,8,2,0
BRDA:55,9,0,0
BRDA:55,9,1,0
BRDA:55,10,0,0
BRDA:55,10,1,0
BRDA:59,11,0,0
BRDA:59,11,1,0
BRDA:60,12,0,0
BRDA:60,12,1,0
BRDA:60,12,2,0
BRDA:60,12,3,0
BRDA:74,13,0,0
BRDA:74,13,1,0
BRF:30
BRH:0
end_of_record
TN:
SF:src\hooks\usePosPayment.ts
FN:29,(anonymous_0)
FN:33,(anonymous_1)
FN:36,(anonymous_2)
FN:40,(anonymous_3)
FN:41,(anonymous_4)
FN:41,(anonymous_5)
FN:45,(anonymous_6)
FN:50,(anonymous_7)
FN:53,(anonymous_8)
FN:56,(anonymous_9)
FN:59,(anonymous_10)
FN:60,(anonymous_11)
FNF:12
FNH:12
FNDA:29,(anonymous_0)
FNDA:20,(anonymous_1)
FNDA:18,(anonymous_2)
FNDA:1,(anonymous_3)
FNDA:1,(anonymous_4)
FNDA:2,(anonymous_5)
FNDA:1,(anonymous_6)
FNDA:29,(anonymous_7)
FNDA:29,(anonymous_8)
FNDA:29,(anonymous_9)
FNDA:29,(anonymous_10)
FNDA:19,(anonymous_11)
DA:29,1
DA:30,29
DA:33,29
DA:34,20
DA:36,18
DA:40,29
DA:41,2
DA:45,29
DA:46,1
DA:50,29
DA:53,29
DA:56,29
DA:59,29
DA:60,29
DA:61,29
DA:64,29
LF:16
LH:16
BRDA:34,0,0,2
BRDA:34,0,1,18
BRF:2
BRH:2
end_of_record
TN:
SF:src\hooks\usePosScanner.ts
FN:22,(anonymous_0)
FN:36,(anonymous_1)
FN:37,(anonymous_2)
FN:43,(anonymous_3)
FN:90,(anonymous_4)
FN:106,(anonymous_5)
FN:132,(anonymous_6)
FN:148,(anonymous_7)
FN:154,(anonymous_8)
FN:159,(anonymous_9)
FN:163,(anonymous_10)
FN:184,(anonymous_11)
FN:212,(anonymous_12)
FNF:13
FNH:0
FNDA:0,(anonymous_0)
FNDA:0,(anonymous_1)
FNDA:0,(anonymous_2)
FNDA:0,(anonymous_3)
FNDA:0,(anonymous_4)
FNDA:0,(anonymous_5)
FNDA:0,(anonymous_6)
FNDA:0,(anonymous_7)
FNDA:0,(anonymous_8)
FNDA:0,(anonymous_9)
FNDA:0,(anonymous_10)
FNDA:0,(anonymous_11)
FNDA:0,(anonymous_12)
DA:22,0
DA:26,0
DA:27,0
DA:28,0
DA:29,0
DA:30,0
DA:31,0
DA:32,0
DA:33,0
DA:36,0
DA:37,0
DA:38,0
DA:43,0
DA:44,0
DA:46,0
DA:48,0
DA:49,0
DA:50,0
DA:51,0
DA:52,0
DA:53,0
DA:56,0
DA:57,0
DA:59,0
DA:60,0
DA:61,0
DA:64,0
DA:67,0
DA:69,0
DA:70,0
DA:72,0
DA:76,0
DA:77,0
DA:79,0
DA:80,0
DA:83,0
DA:85,0
DA:90,0
DA:91,0
DA:92,0
DA:93,0
DA:94,0
DA:97,0
DA:98,0
DA:101,0
DA:102,0
DA:106,0
DA:108,0
DA:109,0
DA:111,0
DA:112,0
DA:114,0
DA:115,0
DA:117,0
DA:118,0
DA:121,0
DA:122,0
DA:123,0
DA:126,0
DA:132,0
DA:133,0
DA:134,0
DA:137,0
DA:138,0
DA:140,0
DA:141,0
DA:144,0
DA:148,0
DA:149,0
DA:150,0
DA:154,0
DA:155,0
DA:159,0
DA:160,0
DA:161,0
DA:163,0
DA:164,0
DA:165,0
DA:168,0
DA:169,0
DA:170,0
DA:171,0
DA:175,0
DA:177,0
DA:181,0
DA:184,0
DA:185,0
DA:187,0
DA:188,0
DA:190,0
DA:193,0
DA:194,0
DA:195,0
DA:199,0
DA:201,0
DA:205,0
DA:209,0
DA:210,0
DA:212,0
DA:213,0
DA:214,0
DA:218,0
LF:102
LH:0
BRDA:44,0,0,0
BRDA:44,0,1,0
BRDA:44,1,0,0
BRDA:44,1,1,0
BRDA:51,2,0,0
BRDA:51,2,1,0
BRDA:56,3,0,0
BRDA:56,3,1,0
BRDA:67,4,0,0
BRDA:67,4,1,0
BRDA:69,5,0,0
BRDA:69,5,1,0
BRDA:76,6,0,0
BRDA:76,6,1,0
BRDA:91,7,0,0
BRDA:91,7,1,0
BRDA:91,8,0,0
BRDA:91,8,1,0
BRDA:101,9,0,0
BRDA:101,9,1,0
BRDA:108,10,0,0
BRDA:108,10,1,0
BRDA:117,11,0,0
BRDA:117,11,1,0
BRDA:117,12,0,0
BRDA:117,12,1,0
BRDA:121,13,0,0
BRDA:121,13,1,0
BRDA:121,14,0,0
BRDA:121,14,1,0
BRDA:137,15,0,0
BRDA:137,15,1,0
BRDA:161,16,0,0
BRDA:161,16,1,0
BRDA:168,17,0,0
BRDA:168,17,1,0
BRDA:168,18,0,0
BRDA:168,18,1,0
BRDA:175,19,0,0
BRDA:175,19,1,0
BRDA:175,20,0,0
BRDA:175,20,1,0
BRDA:187,21,0,0
BRDA:187,21,1,0
BRDA:190,22,0,0
BRDA:190,22,1,0
BRDA:193,23,0,0
BRDA:193,23,1,0
BRDA:199,24,0,0
BRDA:199,24,1,0
BRF:50
BRH:0
end_of_record
TN:
SF:src\lib\utils.ts
FN:4,cn
FNF:1
FNH:1
FNDA:2803,cn
DA:5,2803
LF:1
LH:1
BRF:0
BRH:0
end_of_record
TN:
SF:src\modules\pos\utils\posCalculations.ts
FN:9,calcLineTotal
FN:13,calcLineCost
FN:17,calcLineProfit
FN:21,calcSubtotal
FN:22,(anonymous_4)
FN:25,calcGlobalDiscount
FN:35,calcGrandTotal
FN:39,calcTotalCost
FN:40,(anonymous_8)
FN:43,calcTotalProfit
FN:44,(anonymous_10)
FN:48,calcProfitMargin
FN:53,calcItemCount
FN:54,(anonymous_13)
FN:57,calcMaxUnits
FNF:15
FNH:15
FNDA:71,calcLineTotal
FNDA:67,calcLineCost
FNDA:32,calcLineProfit
FNDA:55,calcSubtotal
FNDA:35,(anonymous_4)
FNDA:55,calcGlobalDiscount
FNDA:51,calcGrandTotal
FNDA:49,calcTotalCost
FNDA:31,(anonymous_8)
FNDA:52,calcTotalProfit
FNDA:31,(anonymous_10)
FNDA:50,calcProfitMargin
FNDA:50,calcItemCount
FNDA:29,(anonymous_13)
FNDA:39,calcMaxUnits
DA:10,71
DA:14,67
DA:18,32
DA:22,55
DA:30,55
DA:31,50
DA:32,43
DA:36,51
DA:40,49
DA:44,52
DA:45,52
DA:49,50
DA:50,25
DA:54,50
DA:58,39
LF:15
LH:15
BRDA:30,0,0,5
BRDA:30,0,1,50
BRDA:31,1,0,7
BRDA:31,1,1,43
BRDA:49,2,0,25
BRDA:49,2,1,25
BRF:6
BRH:6
end_of_record
TN:
SF:src\modules\pos\utils\posCalculationsPayment.ts
FN:6,calcTotalPaid
FN:7,(anonymous_1)
FN:10,calcBalance
FN:14,calcChange
FN:18,canCompleteSale
FNF:5
FNH:5
FNDA:33,calcTotalPaid
FNDA:24,(anonymous_1)
FNDA:34,calcBalance
FNDA:34,calcChange
FNDA:39,canCompleteSale
DA:7,33
DA:11,34
DA:15,34
DA:23,39
LF:4
LH:4
BRDA:23,0,0,39
BRDA:23,0,1,34
BRF:2
BRH:2
end_of_record
TN:
SF:src\pages\NotFound.tsx
FN:4,(anonymous_0)
FN:7,(anonymous_1)
FNF:2
FNH:0
FNDA:0,(anonymous_0)
FNDA:0,(anonymous_1)
DA:4,0
DA:5,0
DA:7,0
DA:8,0
DA:11,0
LF:5
LH:0
BRF:0
BRH:0
end_of_record
TN:
SF:src\pages\admin\Dashboard.tsx
FN:90,Dashboard
FN:102,(anonymous_1)
FN:105,(anonymous_2)
FN:109,(anonymous_3)
FN:116,(anonymous_4)
FN:133,(anonymous_5)
FN:155,(anonymous_6)
FN:160,(anonymous_7)
FN:163,(anonymous_8)
FN:192,(anonymous_9)
FN:200,(anonymous_10)
FN:224,(anonymous_11)
FN:234,(anonymous_12)
FN:238,(anonymous_13)
FN:268,(anonymous_14)
FN:278,(anonymous_15)
FN:282,(anonymous_16)
FN:313,(anonymous_17)
FN:323,(anonymous_18)
FN:327,(anonymous_19)
FN:367,(anonymous_20)
FN:377,(anonymous_21)
FN:381,(anonymous_22)
FN:415,(anonymous_23)
FN:422,(anonymous_24)
FN:429,(anonymous_25)
FN:515,(anonymous_26)
FN:522,(anonymous_27)
FN:526,(anonymous_28)
FN:530,(anonymous_29)
FN:557,(anonymous_30)
FN:567,(anonymous_31)
FN:678,(anonymous_32)
FNF:33
FNH:0
FNDA:0,Dashboard
FNDA:0,(anonymous_1)
FNDA:0,(anonymous_2)
FNDA:0,(anonymous_3)
FNDA:0,(anonymous_4)
FNDA:0,(anonymous_5)
FNDA:0,(anonymous_6)
FNDA:0,(anonymous_7)
FNDA:0,(anonymous_8)
FNDA:0,(anonymous_9)
FNDA:0,(anonymous_10)
FNDA:0,(anonymous_11)
FNDA:0,(anonymous_12)
FNDA:0,(anonymous_13)
FNDA:0,(anonymous_14)
FNDA:0,(anonymous_15)
FNDA:0,(anonymous_16)
FNDA:0,(anonymous_17)
FNDA:0,(anonymous_18)
FNDA:0,(anonymous_19)
FNDA:0,(anonymous_20)
FNDA:0,(anonymous_21)
FNDA:0,(anonymous_22)
FNDA:0,(anonymous_23)
FNDA:0,(anonymous_24)
FNDA:0,(anonymous_25)
FNDA:0,(anonymous_26)
FNDA:0,(anonymous_27)
FNDA:0,(anonymous_28)
FNDA:0,(anonymous_29)
FNDA:0,(anonymous_30)
FNDA:0,(anonymous_31)
FNDA:0,(anonymous_32)
DA:82,0
DA:84,0
DA:91,0
DA:92,0
DA:93,0
DA:94,0
DA:95,0
DA:96,0
DA:97,0
DA:98,0
DA:99,0
DA:100,0
DA:102,0
DA:103,0
DA:104,0
DA:106,0
DA:107,0
DA:110,0
DA:111,0
DA:112,0
DA:116,0
DA:117,0
DA:119,0
DA:120,0
DA:124,0
DA:128,0
DA:132,0
DA:133,0
DA:134,0
DA:137,0
DA:140,0
DA:141,0
DA:144,0
DA:148,0
DA:150,0
DA:151,0
DA:155,0
DA:156,0
DA:157,0
DA:158,0
DA:159,0
DA:160,0
DA:163,0
DA:164,0
DA:167,0
DA:168,0
DA:176,0
DA:178,0
DA:192,0
DA:200,0
DA:224,0
DA:234,0
DA:238,0
DA:268,0
DA:278,0
DA:282,0
DA:313,0
DA:323,0
DA:327,0
DA:367,0
DA:377,0
DA:381,0
DA:415,0
DA:422,0
DA:429,0
DA:516,0
DA:522,0
DA:526,0
DA:530,0
DA:558,0
DA:567,0
DA:678,0
LF:72
LH:0
BRDA:102,0,0,0
BRDA:110,1,0,0
BRDA:110,1,1,0
BRDA:119,2,0,0
BRDA:119,2,1,0
BRDA:124,3,0,0
BRDA:124,3,1,0
BRDA:132,4,0,0
BRDA:132,4,1,0
BRDA:134,5,0,0
BRDA:134,5,1,0
BRDA:141,6,0,0
BRDA:141,6,1,0
BRDA:148,7,0,0
BRDA:148,7,1,0
BRDA:150,8,0,0
BRDA:150,8,1,0
BRDA:167,9,0,0
BRDA:167,9,1,0
BRDA:198,10,0,0
BRDA:198,10,1,0
BRDA:212,11,0,0
BRDA:212,11,1,0
BRDA:212,11,2,0
BRDA:219,12,0,0
BRDA:219,12,1,0
BRDA:256,13,0,0
BRDA:256,13,1,0
BRDA:263,14,0,0
BRDA:263,14,1,0
BRDA:287,15,0,0
BRDA:287,15,1,0
BRDA:287,16,0,0
BRDA:287,16,1,0
BRDA:291,17,0,0
BRDA:291,17,1,0
BRDA:301,18,0,0
BRDA:301,18,1,0
BRDA:308,19,0,0
BRDA:308,19,1,0
BRDA:338,20,0,0
BRDA:338,20,1,0
BRDA:340,21,0,0
BRDA:340,21,1,0
BRDA:345,22,0,0
BRDA:345,22,1,0
BRDA:355,23,0,0
BRDA:355,23,1,0
BRDA:362,24,0,0
BRDA:362,24,1,0
BRDA:392,25,0,0
BRDA:392,25,1,0
BRDA:394,26,0,0
BRDA:394,26,1,0
BRDA:399,27,0,0
BRDA:399,27,1,0
BRDA:414,28,0,0
BRDA:414,28,1,0
BRDA:421,29,0,0
BRDA:421,29,1,0
BRDA:428,30,0,0
BRDA:428,30,1,0
BRDA:437,31,0,0
BRDA:437,31,1,0
BRDA:437,31,2,0
BRDA:447,32,0,0
BRDA:447,32,1,0
BRDA:460,33,0,0
BRDA:460,33,1,0
BRDA:473,34,0,0
BRDA:473,34,1,0
BRDA:487,35,0,0
BRDA:487,35,1,0
BRDA:487,36,0,0
BRDA:487,36,1,0
BRDA:490,37,0,0
BRDA:490,37,1,0
BRDA:490,38,0,0
BRDA:490,38,1,0
BRDA:499,39,0,0
BRDA:499,39,1,0
BRDA:507,40,0,0
BRDA:507,40,1,0
BRDA:507,41,0,0
BRDA:507,41,1,0
BRDA:516,42,0,0
BRDA:516,42,1,0
BRDA:546,43,0,0
BRDA:546,43,1,0
BRDA:558,44,0,0
BRDA:558,44,1,0
BRDA:592,45,0,0
BRDA:592,45,1,0
BRDA:606,46,0,0
BRDA:606,46,1,0
BRDA:621,47,0,0
BRDA:621,47,1,0
BRDA:632,48,0,0
BRDA:632,48,1,0
BRDA:632,49,0,0
BRDA:632,49,1,0
BRDA:640,50,0,0
BRDA:640,50,1,0
BRDA:643,51,0,0
BRDA:643,51,1,0
BRDA:643,51,2,0
BRDA:645,52,0,0
BRDA:645,52,1,0
BRDA:659,53,0,0
BRDA:659,53,1,0
BRDA:659,53,2,0
BRDA:660,54,0,0
BRDA:660,54,1,0
BRDA:676,55,0,0
BRDA:676,55,1,0
BRDA:676,56,0,0
BRDA:676,56,1,0
BRDA:686,57,0,0
BRDA:686,57,1,0
BRDA:692,58,0,0
BRDA:692,58,1,0
BRDA:699,59,0,0
BRDA:699,59,1,0
BRF:123
BRH:0
end_of_record
TN:
SF:src\pages\admin\InventoryAnalytics.tsx
FN:16,InventoryAnalytics
FN:37,(anonymous_1)
FN:41,(anonymous_2)
FN:47,(anonymous_3)
FN:53,(anonymous_4)
FN:67,(anonymous_5)
FN:85,(anonymous_6)
FN:97,(anonymous_7)
FN:101,(anonymous_8)
FN:156,(anonymous_9)
FN:168,(anonymous_10)
FN:273,(anonymous_11)
FN:304,(anonymous_12)
FN:330,(anonymous_13)
FN:357,(anonymous_14)
FN:369,(anonymous_15)
FN:430,(anonymous_16)
FN:465,(anonymous_17)
FN:501,(anonymous_18)
FNF:19
FNH:0
FNDA:0,InventoryAnalytics
FNDA:0,(anonymous_1)
FNDA:0,(anonymous_2)
FNDA:0,(anonymous_3)
FNDA:0,(anonymous_4)
FNDA:0,(anonymous_5)
FNDA:0,(anonymous_6)
FNDA:0,(anonymous_7)
FNDA:0,(anonymous_8)
FNDA:0,(anonymous_9)
FNDA:0,(anonymous_10)
FNDA:0,(anonymous_11)
FNDA:0,(anonymous_12)
FNDA:0,(anonymous_13)
FNDA:0,(anonymous_14)
FNDA:0,(anonymous_15)
FNDA:0,(anonymous_16)
FNDA:0,(anonymous_17)
FNDA:0,(anonymous_18)
DA:17,0
DA:18,0
DA:24,0
DA:25,0
DA:28,0
DA:29,0
DA:30,0
DA:33,0
DA:34,0
DA:35,0
DA:37,0
DA:38,0
DA:41,0
DA:42,0
DA:43,0
DA:47,0
DA:48,0
DA:49,0
DA:53,0
DA:54,0
DA:55,0
DA:56,0
DA:57,0
DA:58,0
DA:59,0
DA:61,0
DA:63,0
DA:67,0
DA:68,0
DA:69,0
DA:70,0
DA:71,0
DA:72,0
DA:73,0
DA:74,0
DA:76,0
DA:77,0
DA:79,0
DA:81,0
DA:85,0
DA:86,0
DA:87,0
DA:88,0
DA:89,0
DA:91,0
DA:93,0
DA:97,0
DA:99,0
DA:101,0
DA:102,0
DA:103,0
DA:104,0
DA:105,0
DA:107,0
DA:108,0
DA:109,0
DA:111,0
DA:112,0
DA:113,0
DA:114,0
DA:115,0
DA:116,0
DA:117,0
DA:118,0
DA:119,0
DA:121,0
DA:123,0
DA:124,0
DA:126,0
DA:130,0
DA:156,0
DA:168,0
DA:273,0
DA:304,0
DA:330,0
DA:357,0
DA:369,0
DA:430,0
DA:465,0
DA:501,0
LF:80
LH:0
BRDA:42,0,0,0
BRDA:42,0,1,0
BRDA:48,1,0,0
BRDA:48,1,1,0
BRDA:56,2,0,0
BRDA:56,2,1,0
BRDA:57,3,0,0
BRDA:57,3,1,0
BRDA:70,4,0,0
BRDA:70,4,1,0
BRDA:71,5,0,0
BRDA:71,5,1,0
BRDA:73,6,0,0
BRDA:73,6,1,0
BRDA:104,7,0,0
BRDA:104,7,1,0
BRDA:105,8,0,0
BRDA:105,8,1,0
BRDA:108,9,0,0
BRDA:108,9,1,0
BRDA:109,10,0,0
BRDA:109,10,1,0
BRDA:150,11,0,0
BRDA:150,11,1,0
BRDA:152,12,0,0
BRDA:152,12,1,0
BRDA:162,13,0,0
BRDA:162,13,1,0
BRDA:164,14,0,0
BRDA:164,14,1,0
BRDA:184,15,0,0
BRDA:184,15,1,0
BRDA:188,16,0,0
BRDA:188,16,1,0
BRDA:278,17,0,0
BRDA:278,17,1,0
BRDA:344,18,0,0
BRDA:344,18,1,0
BRDA:344,18,2,0
BRDA:353,19,0,0
BRDA:353,19,1,0
BRDA:365,20,0,0
BRDA:365,20,1,0
BRDA:411,21,0,0
BRDA:411,21,1,0
BRDA:415,22,0,0
BRDA:415,22,1,0
BRDA:415,23,0,0
BRDA:415,23,1,0
BRDA:435,24,0,0
BRDA:435,24,1,0
BRDA:435,25,0,0
BRDA:435,25,1,0
BRDA:437,26,0,0
BRDA:437,26,1,0
BRDA:438,27,0,0
BRDA:438,27,1,0
BRDA:444,28,0,0
BRDA:444,28,1,0
BRDA:479,29,0,0
BRDA:479,29,1,0
BRDA:483,30,0,0
BRDA:483,30,1,0
BRDA:504,31,0,0
BRDA:504,31,1,0
BRF:65
BRH:0
end_of_record
TN:
SF:src\pages\admin\Profile.tsx
FN:30,Profile
FN:53,(anonymous_1)
FN:57,(anonymous_2)
FN:79,(anonymous_3)
FN:84,(anonymous_4)
FN:91,(anonymous_5)
FN:125,(anonymous_6)
FN:163,(anonymous_7)
FN:166,(anonymous_8)
FN:294,(anonymous_9)
FN:313,(anonymous_10)
FN:381,(anonymous_11)
FN:405,(anonymous_12)
FN:428,(anonymous_13)
FNF:14
FNH:0
FNDA:0,Profile
FNDA:0,(anonymous_1)
FNDA:0,(anonymous_2)
FNDA:0,(anonymous_3)
FNDA:0,(anonymous_4)
FNDA:0,(anonymous_5)
FNDA:0,(anonymous_6)
FNDA:0,(anonymous_7)
FNDA:0,(anonymous_8)
FNDA:0,(anonymous_9)
FNDA:0,(anonymous_10)
FNDA:0,(anonymous_11)
FNDA:0,(anonymous_12)
FNDA:0,(anonymous_13)
DA:15,0
DA:31,0
DA:32,0
DA:34,0
DA:35,0
DA:36,0
DA:39,0
DA:43,0
DA:44,0
DA:47,0
DA:53,0
DA:54,0
DA:57,0
DA:58,0
DA:59,0
DA:60,0
DA:61,0
DA:62,0
DA:63,0
DA:67,0
DA:69,0
DA:75,0
DA:79,0
DA:80,0
DA:81,0
DA:82,0
DA:83,0
DA:84,0
DA:85,0
DA:87,0
DA:91,0
DA:92,0
DA:93,0
DA:95,0
DA:96,0
DA:97,0
DA:98,0
DA:99,0
DA:101,0
DA:102,0
DA:105,0
DA:107,0
DA:112,0
DA:113,0
DA:115,0
DA:121,0
DA:125,0
DA:126,0
DA:128,0
DA:129,0
DA:134,0
DA:137,0
DA:139,0
DA:140,0
DA:142,0
DA:147,0
DA:153,0
DA:159,0
DA:163,0
DA:164,0
DA:166,0
DA:172,0
DA:173,0
DA:180,0
DA:181,0
DA:188,0
DA:295,0
DA:314,0
DA:382,0
DA:406,0
DA:429,0
LF:71
LH:0
BRDA:67,0,0,0
BRDA:67,0,1,0
BRDA:81,1,0,0
BRDA:81,1,1,0
BRDA:101,2,0,0
BRDA:101,2,1,0
BRDA:117,3,0,0
BRDA:117,3,1,0
BRDA:128,4,0,0
BRDA:128,4,1,0
BRDA:155,5,0,0
BRDA:155,5,1,0
BRDA:172,6,0,0
BRDA:172,6,1,0
BRDA:180,7,0,0
BRDA:180,7,1,0
BRDA:203,8,0,0
BRDA:203,8,1,0
BRDA:213,9,0,0
BRDA:213,9,1,0
BRDA:214,10,0,0
BRDA:214,10,1,0
BRDA:222,11,0,0
BRDA:222,11,1,0
BRDA:255,12,0,0
BRDA:255,12,1,0
BRDA:326,13,0,0
BRDA:326,13,1,0
BRDA:332,14,0,0
BRDA:332,14,1,0
BRDA:342,15,0,0
BRDA:342,15,1,0
BRDA:443,16,0,0
BRDA:443,16,1,0
BRF:34
BRH:0
end_of_record
TN:
SF:src\pages\admin\batches\BatchList.tsx
FN:28,BatchList
FN:37,(anonymous_1)
FN:41,(anonymous_2)
FN:54,(anonymous_3)
FN:75,(anonymous_4)
FN:89,(anonymous_5)
FN:113,(anonymous_6)
FN:119,(anonymous_7)
FN:152,(anonymous_8)
FN:203,(anonymous_9)
FN:217,(anonymous_10)
FN:231,(anonymous_11)
FN:266,(anonymous_12)
FNF:13
FNH:0
FNDA:0,BatchList
FNDA:0,(anonymous_1)
FNDA:0,(anonymous_2)
FNDA:0,(anonymous_3)
FNDA:0,(anonymous_4)
FNDA:0,(anonymous_5)
FNDA:0,(anonymous_6)
FNDA:0,(anonymous_7)
FNDA:0,(anonymous_8)
FNDA:0,(anonymous_9)
FNDA:0,(anonymous_10)
FNDA:0,(anonymous_11)
FNDA:0,(anonymous_12)
DA:29,0
DA:30,0
DA:31,0
DA:32,0
DA:33,0
DA:34,0
DA:35,0
DA:37,0
DA:38,0
DA:41,0
DA:42,0
DA:43,0
DA:44,0
DA:45,0
DA:47,0
DA:48,0
DA:50,0
DA:54,0
DA:55,0
DA:58,0
DA:59,0
DA:60,0
DA:61,0
DA:62,0
DA:63,0
DA:65,0
DA:66,0
DA:67,0
DA:68,0
DA:69,0
DA:70,0
DA:72,0
DA:75,0
DA:76,0
DA:77,0
DA:78,0
DA:80,0
DA:81,0
DA:83,0
DA:84,0
DA:86,0
DA:89,0
DA:91,0
DA:97,0
DA:98,0
DA:99,0
DA:102,0
DA:103,0
DA:104,0
DA:105,0
DA:106,0
DA:109,0
DA:112,0
DA:113,0
DA:114,0
DA:115,0
DA:119,0
DA:120,0
DA:123,0
DA:124,0
DA:134,0
DA:152,0
DA:204,0
DA:205,0
DA:218,0
DA:219,0
DA:232,0
DA:233,0
DA:267,0
DA:269,0
LF:70
LH:0
BRDA:45,0,0,0
BRDA:45,0,1,0
BRDA:55,1,0,0
BRDA:55,1,1,0
BRDA:65,2,0,0
BRDA:65,2,1,0
BRDA:67,3,0,0
BRDA:67,3,1,0
BRDA:69,4,0,0
BRDA:69,4,1,0
BRDA:76,5,0,0
BRDA:76,5,1,0
BRDA:77,6,0,0
BRDA:77,6,1,0
BRDA:77,7,0,0
BRDA:77,7,1,0
BRDA:80,8,0,0
BRDA:80,8,1,0
BRDA:83,9,0,0
BRDA:83,9,1,0
BRDA:91,10,0,0
BRDA:91,10,1,0
BRDA:91,10,2,0
BRDA:91,10,3,0
BRDA:97,11,0,0
BRDA:97,11,1,0
BRDA:98,12,0,0
BRDA:98,12,1,0
BRDA:98,13,0,0
BRDA:98,13,1,0
BRDA:99,14,0,0
BRDA:99,14,1,0
BRDA:103,15,0,0
BRDA:103,15,1,0
BRDA:105,16,0,0
BRDA:105,16,1,0
BRDA:109,17,0,0
BRDA:109,17,1,0
BRDA:109,17,2,0
BRDA:123,18,0,0
BRDA:123,18,1,0
BRDA:204,19,0,0
BRDA:204,19,1,0
BRDA:205,20,0,0
BRDA:205,20,1,0
BRDA:218,21,0,0
BRDA:218,21,1,0
BRDA:232,22,0,0
BRDA:232,22,1,0
BRDA:233,23,0,0
BRDA:233,23,1,0
BRDA:259,24,0,0
BRDA:259,24,1,0
BRDA:267,25,0,0
BRDA:267,25,1,0
BRDA:274,26,0,0
BRDA:274,26,1,0
BRDA:275,27,0,0
BRDA:275,27,1,0
BRDA:280,28,0,0
BRDA:280,28,1,0
BRDA:287,29,0,0
BRDA:287,29,1,0
BRDA:296,30,0,0
BRDA:296,30,1,0
BRDA:301,31,0,0
BRDA:301,31,1,0
BRF:67
BRH:0
end_of_record
TN:
SF:src\pages\admin\credit\CreditList.tsx
FN:58,CreditList
FN:78,(anonymous_1)
FN:82,(anonymous_2)
FN:94,(anonymous_3)
FN:117,(anonymous_4)
FN:123,(anonymous_5)
FN:128,(anonymous_6)
FN:139,(anonymous_7)
FN:144,(anonymous_8)
FN:155,(anonymous_9)
FN:162,(anonymous_10)
FN:224,(anonymous_11)
FN:225,(anonymous_12)
FN:226,(anonymous_13)
FN:252,(anonymous_14)
FN:264,(anonymous_15)
FN:265,(anonymous_16)
FN:266,(anonymous_17)
FN:274,(anonymous_18)
FN:287,(anonymous_19)
FN:288,(anonymous_20)
FN:289,(anonymous_21)
FN:297,(anonymous_22)
FN:300,(anonymous_23)
FN:324,(anonymous_24)
FN:366,(anonymous_25)
FN:382,(anonymous_26)
FN:386,(anonymous_27)
FN:391,(anonymous_28)
FNF:29
FNH:0
FNDA:0,CreditList
FNDA:0,(anonymous_1)
FNDA:0,(anonymous_2)
FNDA:0,(anonymous_3)
FNDA:0,(anonymous_4)
FNDA:0,(anonymous_5)
FNDA:0,(anonymous_6)
FNDA:0,(anonymous_7)
FNDA:0,(anonymous_8)
FNDA:0,(anonymous_9)
FNDA:0,(anonymous_10)
FNDA:0,(anonymous_11)
FNDA:0,(anonymous_12)
FNDA:0,(anonymous_13)
FNDA:0,(anonymous_14)
FNDA:0,(anonymous_15)
FNDA:0,(anonymous_16)
FNDA:0,(anonymous_17)
FNDA:0,(anonymous_18)
FNDA:0,(anonymous_19)
FNDA:0,(anonymous_20)
FNDA:0,(anonymous_21)
FNDA:0,(anonymous_22)
FNDA:0,(anonymous_23)
FNDA:0,(anonymous_24)
FNDA:0,(anonymous_25)
FNDA:0,(anonymous_26)
FNDA:0,(anonymous_27)
FNDA:0,(anonymous_28)
DA:59,0
DA:60,0
DA:61,0
DA:64,0
DA:65,0
DA:66,0
DA:67,0
DA:68,0
DA:69,0
DA:70,0
DA:73,0
DA:74,0
DA:75,0
DA:76,0
DA:78,0
DA:79,0
DA:82,0
DA:83,0
DA:84,0
DA:85,0
DA:86,0
DA:88,0
DA:90,0
DA:94,0
DA:95,0
DA:96,0
DA:97,0
DA:98,0
DA:104,0
DA:105,0
DA:106,0
DA:107,0
DA:108,0
DA:109,0
DA:111,0
DA:113,0
DA:117,0
DA:118,0
DA:119,0
DA:120,0
DA:123,0
DA:124,0
DA:125,0
DA:128,0
DA:129,0
DA:130,0
DA:131,0
DA:132,0
DA:133,0
DA:135,0
DA:139,0
DA:140,0
DA:141,0
DA:144,0
DA:145,0
DA:146,0
DA:147,0
DA:148,0
DA:149,0
DA:151,0
DA:155,0
DA:156,0
DA:157,0
DA:161,0
DA:162,0
DA:163,0
DA:164,0
DA:167,0
DA:168,0
DA:177,0
DA:224,0
DA:225,0
DA:226,0
DA:252,0
DA:264,0
DA:265,0
DA:267,0
DA:268,0
DA:274,0
DA:287,0
DA:288,0
DA:290,0
DA:291,0
DA:297,0
DA:300,0
DA:324,0
DA:366,0
DA:382,0
DA:386,0
DA:391,0
LF:90
LH:0
BRDA:95,0,0,0
BRDA:95,0,1,0
BRDA:95,1,0,0
BRDA:95,1,1,0
BRDA:101,2,0,0
BRDA:101,2,1,0
BRDA:102,3,0,0
BRDA:102,3,1,0
BRDA:111,4,0,0
BRDA:111,4,1,0
BRDA:125,5,0,0
BRDA:125,5,1,0
BRDA:141,6,0,0
BRDA:141,6,1,0
BRDA:156,7,0,0
BRDA:156,7,1,0
BRDA:161,8,0,0
BRDA:161,8,1,0
BRDA:161,9,0,0
BRDA:161,9,1,0
BRDA:163,10,0,0
BRDA:163,10,1,0
BRDA:167,11,0,0
BRDA:167,11,1,0
BRDA:187,12,0,0
BRDA:187,12,1,0
BRDA:196,13,0,0
BRDA:196,13,1,0
BRDA:206,14,0,0
BRDA:206,14,1,0
BRDA:216,15,0,0
BRDA:216,15,1,0
BRDA:224,16,0,0
BRDA:224,16,1,0
BRDA:225,17,0,0
BRDA:225,17,1,0
BRDA:226,18,0,0
BRDA:226,18,1,0
BRDA:230,19,0,0
BRDA:230,19,1,0
BRDA:257,20,0,0
BRDA:257,20,1,0
BRDA:259,21,0,0
BRDA:259,21,1,0
BRDA:267,22,0,0
BRDA:267,22,1,0
BRDA:268,23,0,0
BRDA:268,23,1,0
BRDA:276,24,0,0
BRDA:276,24,1,0
BRDA:282,25,0,0
BRDA:282,25,1,0
BRDA:290,26,0,0
BRDA:290,26,1,0
BRDA:291,27,0,0
BRDA:291,27,1,0
BRDA:299,28,0,0
BRDA:299,28,1,0
BRDA:316,29,0,0
BRDA:316,29,1,0
BRDA:343,30,0,0
BRDA:343,30,1,0
BRDA:352,31,0,0
BRDA:352,31,1,0
BRDA:392,32,0,0
BRDA:392,32,1,0
BRDA:393,33,0,0
BRDA:393,33,1,0
BRF:68
BRH:0
end_of_record
TN:
SF:src\pages\admin\expenses\ExpenseAnalytics.tsx
FN:16,ExpenseAnalytics
FN:22,(anonymous_1)
FN:26,(anonymous_2)
FN:43,(anonymous_3)
FN:77,(anonymous_4)
FN:138,(anonymous_5)
FN:179,(anonymous_6)
FN:213,(anonymous_7)
FN:241,(anonymous_8)
FNF:9
FNH:0
FNDA:0,ExpenseAnalytics
FNDA:0,(anonymous_1)
FNDA:0,(anonymous_2)
FNDA:0,(anonymous_3)
FNDA:0,(anonymous_4)
FNDA:0,(anonymous_5)
FNDA:0,(anonymous_6)
FNDA:0,(anonymous_7)
FNDA:0,(anonymous_8)
DA:17,0
DA:18,0
DA:19,0
DA:20,0
DA:22,0
DA:23,0
DA:26,0
DA:27,0
DA:28,0
DA:29,0
DA:30,0
DA:32,0
DA:33,0
DA:39,0
DA:43,0
DA:44,0
DA:47,0
DA:48,0
DA:57,0
DA:58,0
DA:61,0
DA:77,0
DA:139,0
DA:140,0
DA:180,0
DA:181,0
DA:213,0
DA:241,0
LF:28
LH:0
BRDA:47,0,0,0
BRDA:47,0,1,0
BRDA:57,1,0,0
BRDA:57,1,1,0
BRDA:205,2,0,0
BRDA:205,2,1,0
BRDA:233,3,0,0
BRDA:233,3,1,0
BRF:8
BRH:0
end_of_record
TN:
SF:src\pages\admin\expenses\ExpenseCreate.tsx
FN:31,ExpenseCreate
FN:54,(anonymous_1)
FN:58,(anonymous_2)
FN:72,(anonymous_3)
FN:103,(anonymous_4)
FN:167,(anonymous_5)
FN:168,(anonymous_6)
FN:172,(anonymous_7)
FN:195,(anonymous_8)
FN:212,(anonymous_9)
FN:224,(anonymous_10)
FN:231,(anonymous_11)
FN:254,(anonymous_12)
FN:279,(anonymous_13)
FN:293,(anonymous_14)
FN:309,(anonymous_15)
FN:312,(anonymous_16)
FN:350,(anonymous_17)
FN:360,(anonymous_18)
FN:372,(anonymous_19)
FN:390,(anonymous_20)
FNF:21
FNH:0
FNDA:0,ExpenseCreate
FNDA:0,(anonymous_1)
FNDA:0,(anonymous_2)
FNDA:0,(anonymous_3)
FNDA:0,(anonymous_4)
FNDA:0,(anonymous_5)
FNDA:0,(anonymous_6)
FNDA:0,(anonymous_7)
FNDA:0,(anonymous_8)
FNDA:0,(anonymous_9)
FNDA:0,(anonymous_10)
FNDA:0,(anonymous_11)
FNDA:0,(anonymous_12)
FNDA:0,(anonymous_13)
FNDA:0,(anonymous_14)
FNDA:0,(anonymous_15)
FNDA:0,(anonymous_16)
FNDA:0,(anonymous_17)
FNDA:0,(anonymous_18)
FNDA:0,(anonymous_19)
FNDA:0,(anonymous_20)
DA:22,0
DA:32,0
DA:33,0
DA:35,0
DA:36,0
DA:37,0
DA:40,0
DA:52,0
DA:54,0
DA:55,0
DA:58,0
DA:59,0
DA:60,0
DA:61,0
DA:63,0
DA:64,0
DA:72,0
DA:73,0
DA:75,0
DA:76,0
DA:79,0
DA:80,0
DA:83,0
DA:84,0
DA:87,0
DA:88,0
DA:91,0
DA:92,0
DA:94,0
DA:95,0
DA:99,0
DA:100,0
DA:103,0
DA:104,0
DA:105,0
DA:110,0
DA:113,0
DA:114,0
DA:115,0
DA:117,0
DA:125,0
DA:127,0
DA:132,0
DA:134,0
DA:145,0
DA:147,0
DA:150,0
DA:152,0
DA:153,0
DA:156,0
DA:162,0
DA:163,0
DA:167,0
DA:168,0
DA:171,0
DA:172,0
DA:173,0
DA:174,0
DA:175,0
DA:180,0
DA:195,0
DA:212,0
DA:224,0
DA:231,0
DA:254,0
DA:279,0
DA:293,0
DA:309,0
DA:312,0
DA:350,0
DA:360,0
DA:372,0
DA:390,0
LF:73
LH:0
BRDA:75,0,0,0
BRDA:75,0,1,0
BRDA:79,1,0,0
BRDA:79,1,1,0
BRDA:79,2,0,0
BRDA:79,2,1,0
BRDA:83,3,0,0
BRDA:83,3,1,0
BRDA:87,4,0,0
BRDA:87,4,1,0
BRDA:94,5,0,0
BRDA:94,5,1,0
BRDA:103,6,0,0
BRDA:104,7,0,0
BRDA:104,7,1,0
BRDA:119,8,0,0
BRDA:119,8,1,0
BRDA:120,9,0,0
BRDA:120,9,1,0
BRDA:121,10,0,0
BRDA:121,10,1,0
BRDA:122,11,0,0
BRDA:122,11,1,0
BRDA:132,12,0,0
BRDA:132,12,1,0
BRDA:152,13,0,0
BRDA:152,13,1,0
BRDA:158,14,0,0
BRDA:158,14,1,0
BRDA:171,15,0,0
BRDA:171,15,1,0
BRDA:213,16,0,0
BRDA:213,16,1,0
BRDA:215,17,0,0
BRDA:215,17,1,0
BRDA:223,18,0,0
BRDA:223,18,1,0
BRDA:224,19,0,0
BRDA:224,19,1,0
BRDA:278,20,0,0
BRDA:278,20,1,0
BRDA:279,21,0,0
BRDA:279,21,1,0
BRDA:280,22,0,0
BRDA:280,22,1,0
BRDA:282,23,0,0
BRDA:282,23,1,0
BRDA:295,24,0,0
BRDA:295,24,1,0
BRDA:297,25,0,0
BRDA:297,25,1,0
BRDA:329,26,0,0
BRDA:329,26,1,0
BRDA:394,27,0,0
BRDA:394,27,1,0
BRDA:394,28,0,0
BRDA:394,28,1,0
BRDA:412,29,0,0
BRDA:412,29,1,0
BRDA:412,30,0,0
BRDA:412,30,1,0
BRF:61
BRH:0
end_of_record
TN:
SF:src\pages\admin\expenses\ExpenseEdit.tsx
FN:31,ExpenseEdit
FN:44,(anonymous_1)
FN:48,(anonymous_2)
FN:84,(anonymous_3)
FN:109,(anonymous_4)
FN:157,(anonymous_5)
FN:158,(anonymous_6)
FN:161,(anonymous_7)
FN:209,(anonymous_8)
FN:219,(anonymous_9)
FN:226,(anonymous_10)
FN:245,(anonymous_11)
FN:265,(anonymous_12)
FN:275,(anonymous_13)
[...]
BRDA:307,8,1,0
BRDA:308,9,0,0
BRDA:308,9,1,0
BRDA:309,10,0,0
BRDA:309,10,1,0
BRDA:310,11,0,0
BRDA:310,11,1,0
BRDA:334,12,0,0
BRDA:334,12,1,0
BRF:26
BRH:0
end_of_record
TN:
SF:src\pages\admin\sales\SalesList.tsx
FN:44,SalesList
FN:66,(anonymous_1)
FN:70,(anonymous_2)
FN:93,(anonymous_3)
FN:98,(anonymous_4)
FN:103,(anonymous_5)
FN:108,(anonymous_6)
FN:114,(anonymous_7)
FN:123,(anonymous_8)
FN:165,(anonymous_9)
FN:166,(anonymous_10)
FN:170,(anonymous_11)
FN:181,(anonymous_12)
FN:193,(anonymous_13)
FN:206,(anonymous_14)
FN:210,(anonymous_15)
FN:242,(anonymous_16)
FN:246,(anonymous_17)
FN:278,(anonymous_18)
FN:283,(anonymous_19)
FNF:20
FNH:0
FNDA:0,SalesList
FNDA:0,(anonymous_1)
FNDA:0,(anonymous_2)
FNDA:0,(anonymous_3)
FNDA:0,(anonymous_4)
FNDA:0,(anonymous_5)
FNDA:0,(anonymous_6)
FNDA:0,(anonymous_7)
FNDA:0,(anonymous_8)
FNDA:0,(anonymous_9)
FNDA:0,(anonymous_10)
FNDA:0,(anonymous_11)
FNDA:0,(anonymous_12)
FNDA:0,(anonymous_13)
FNDA:0,(anonymous_14)
FNDA:0,(anonymous_15)
FNDA:0,(anonymous_16)
FNDA:0,(anonymous_17)
FNDA:0,(anonymous_18)
FNDA:0,(anonymous_19)
DA:29,0
DA:31,0
DA:38,0
DA:45,0
DA:46,0
DA:48,0
DA:49,0
DA:50,0
DA:51,0
DA:52,0
DA:55,0
DA:56,0
DA:57,0
DA:58,0
DA:59,0
DA:60,0
DA:63,0
DA:64,0
DA:66,0
DA:67,0
DA:70,0
DA:71,0
DA:72,0
DA:73,0
DA:82,0
DA:83,0
DA:84,0
DA:85,0
DA:87,0
DA:89,0
DA:93,0
DA:94,0
DA:95,0
DA:98,0
DA:99,0
DA:100,0
DA:103,0
DA:104,0
DA:105,0
DA:108,0
DA:109,0
DA:110,0
DA:111,0
DA:114,0
DA:115,0
DA:116,0
DA:117,0
DA:118,0
DA:120,0
DA:123,0
DA:124,0
DA:125,0
DA:126,0
DA:128,0
DA:130,0
DA:133,0
DA:165,0
DA:166,0
DA:170,0
DA:181,0
DA:193,0
DA:206,0
DA:210,0
DA:242,0
DA:246,0
DA:278,0
DA:283,0
LF:67
LH:0
BRDA:46,0,0,0
BRDA:46,0,1,0
BRDA:70,1,0,0
BRDA:76,2,0,0
BRDA:76,2,1,0
BRDA:77,3,0,0
BRDA:77,3,1,0
BRDA:78,4,0,0
BRDA:78,4,1,0
BRDA:79,5,0,0
BRDA:79,5,1,0
BRDA:80,6,0,0
BRDA:80,6,1,0
BRDA:104,7,0,0
BRDA:104,7,1,0
BRDA:109,8,0,0
BRDA:109,8,1,0
BRDA:110,9,0,0
BRDA:110,9,1,0
BRDA:115,10,0,0
BRDA:115,10,1,0
BRDA:116,11,0,0
BRDA:116,11,1,0
BRDA:117,12,0,0
BRDA:117,12,1,0
BRDA:124,13,0,0
BRDA:124,13,1,0
BRDA:124,14,0,0
BRDA:124,14,1,0
BRDA:125,15,0,0
BRDA:125,15,1,0
BRDA:126,16,0,0
BRDA:126,16,1,0
BRDA:130,17,0,0
BRDA:130,17,1,0
BRDA:141,18,0,0
BRDA:141,18,1,0
BRDA:166,19,0,0
BRDA:166,19,1,0
BRDA:177,20,0,0
BRDA:177,20,1,0
BRDA:181,21,0,0
BRDA:181,21,1,0
BRDA:193,22,0,0
BRDA:193,22,1,0
BRDA:216,23,0,0
BRDA:216,23,1,0
BRDA:220,24,0,0
BRDA:220,24,1,0
BRDA:236,25,0,0
BRDA:236,25,1,0
BRDA:250,26,0,0
BRDA:250,26,1,0
BRDA:252,27,0,0
BRDA:252,27,1,0
BRDA:257,28,0,0
BRDA:257,28,1,0
BRDA:259,29,0,0
BRDA:259,29,1,0
BRDA:262,30,0,0
BRDA:262,30,1,0
BRF:61
BRH:0
end_of_record
TN:
SF:src\pages\admin\suppliers\SupplierCreate.tsx
FN:13,SupplierCreate
FN:26,(anonymous_1)
FN:83,(anonymous_2)
FN:107,(anonymous_3)
FN:120,(anonymous_4)
FN:130,(anonymous_5)
FN:141,(anonymous_6)
FN:151,(anonymous_7)
FN:159,(anonymous_8)
FN:189,(anonymous_9)
FN:198,(anonymous_10)
FNF:11
FNH:0
FNDA:0,SupplierCreate
FNDA:0,(anonymous_1)
FNDA:0,(anonymous_2)
FNDA:0,(anonymous_3)
FNDA:0,(anonymous_4)
FNDA:0,(anonymous_5)
FNDA:0,(anonymous_6)
FNDA:0,(anonymous_7)
FNDA:0,(anonymous_8)
FNDA:0,(anonymous_9)
FNDA:0,(anonymous_10)
DA:14,0
DA:15,0
DA:16,0
DA:26,0
DA:27,0
DA:30,0
DA:31,0
DA:32,0
DA:35,0
DA:36,0
DA:37,0
DA:40,0
DA:41,0
DA:42,0
DA:45,0
DA:46,0
DA:48,0
DA:57,0
DA:58,0
DA:61,0
DA:62,0
DA:63,0
DA:65,0
DA:66,0
DA:67,0
DA:69,0
DA:70,0
DA:71,0
DA:73,0
DA:76,0
DA:80,0
DA:83,0
DA:107,0
DA:120,0
DA:130,0
DA:141,0
DA:151,0
DA:159,0
DA:189,0
DA:198,0
LF:40
LH:0
BRDA:30,0,0,0
BRDA:30,0,1,0
BRDA:35,1,0,0
BRDA:35,1,1,0
BRDA:35,2,0,0
BRDA:35,2,1,0
BRDA:40,3,0,0
BRDA:40,3,1,0
BRDA:40,4,0,0
BRDA:40,4,1,0
BRDA:57,5,0,0
BRDA:57,5,1,0
BRDA:57,6,0,0
BRDA:57,6,1,0
BRDA:66,7,0,0
BRDA:66,7,1,0
BRDA:66,7,2,0
BRDA:69,8,0,0
BRDA:69,8,1,0
BRDA:71,9,0,0
BRDA:71,9,1,0
BRDA:204,10,0,0
BRDA:204,10,1,0
BRF:23
BRH:0
end_of_record
TN:
SF:src\pages\admin\suppliers\SupplierEdit.tsx
FN:30,SupplierEdit
FN:52,(anonymous_1)
FN:56,(anonymous_2)
FN:86,(anonymous_3)
FN:115,(anonymous_4)
FN:116,(anonymous_5)
FN:137,(anonymous_6)
FN:162,(anonymous_7)
FN:176,(anonymous_8)
FN:188,(anonymous_9)
FN:200,(anonymous_10)
FN:211,(anonymous_11)
FN:222,(anonymous_12)
FN:233,(anonymous_13)
FN:244,(anonymous_14)
FN:255,(anonymous_15)
FN:265,(anonymous_16)
FN:297,(anonymous_17)
FN:308,(anonymous_18)
FN:327,(anonymous_19)
FN:339,(anonymous_20)
FN:354,(anonymous_21)
FNF:22
FNH:0
FNDA:0,SupplierEdit
FNDA:0,(anonymous_1)
FNDA:0,(anonymous_2)
FNDA:0,(anonymous_3)
FNDA:0,(anonymous_4)
FNDA:0,(anonymous_5)
FNDA:0,(anonymous_6)
FNDA:0,(anonymous_7)
FNDA:0,(anonymous_8)
FNDA:0,(anonymous_9)
FNDA:0,(anonymous_10)
FNDA:0,(anonymous_11)
FNDA:0,(anonymous_12)
FNDA:0,(anonymous_13)
FNDA:0,(anonymous_14)
FNDA:0,(anonymous_15)
FNDA:0,(anonymous_16)
FNDA:0,(anonymous_17)
FNDA:0,(anonymous_18)
FNDA:0,(anonymous_19)
FNDA:0,(anonymous_20)
FNDA:0,(anonymous_21)
DA:31,0
DA:32,0
DA:33,0
DA:34,0
DA:35,0
DA:52,0
DA:53,0
DA:56,0
DA:57,0
DA:58,0
DA:59,0
DA:60,0
DA:62,0
DA:79,0
DA:80,0
DA:82,0
DA:86,0
DA:87,0
DA:88,0
DA:90,0
DA:91,0
DA:92,0
DA:96,0
DA:97,0
DA:98,0
DA:100,0
DA:101,0
DA:102,0
DA:104,0
DA:105,0
DA:106,0
DA:108,0
DA:111,0
DA:115,0
DA:116,0
DA:119,0
DA:120,0
DA:132,0
DA:137,0
DA:162,0
DA:176,0
DA:188,0
DA:200,0
DA:211,0
DA:222,0
DA:233,0
DA:244,0
DA:255,0
DA:265,0
DA:297,0
DA:308,0
DA:327,0
DA:339,0
DA:354,0
LF:54
LH:0
BRDA:57,0,0,0
BRDA:57,0,1,0
BRDA:63,1,0,0
BRDA:63,1,1,0
BRDA:64,2,0,0
BRDA:64,2,1,0
BRDA:65,3,0,0
BRDA:65,3,1,0
BRDA:66,4,0,0
BRDA:66,4,1,0
BRDA:67,5,0,0
BRDA:67,5,1,0
BRDA:68,6,0,0
BRDA:68,6,1,0
BRDA:69,7,0,0
BRDA:69,7,1,0
BRDA:70,8,0,0
BRDA:70,8,1,0
BRDA:71,9,0,0
BRDA:71,9,1,0
BRDA:72,10,0,0
BRDA:72,10,1,0
BRDA:73,11,0,0
BRDA:73,11,1,0
BRDA:74,12,0,0
BRDA:74,12,1,0
BRDA:75,13,0,0
BRDA:75,13,1,0
BRDA:76,14,0,0
BRDA:76,14,1,0
BRDA:79,15,0,0
BRDA:79,15,1,0
BRDA:88,16,0,0
BRDA:88,16,1,0
BRDA:94,17,0,0
BRDA:94,17,1,0
BRDA:101,18,0,0
BRDA:101,18,1,0
BRDA:104,19,0,0
BRDA:104,19,1,0
BRDA:106,20,0,0
BRDA:106,20,1,0
BRDA:119,21,0,0
BRDA:119,21,1,0
BRDA:289,22,0,0
BRDA:289,22,1,0
BRDA:307,23,0,0
BRDA:307,23,1,0
BRDA:349,24,0,0
BRDA:349,24,1,0
BRF:50
BRH:0
end_of_record
TN:
SF:src\pages\admin\suppliers\SupplierList.tsx
FN:26,SupplierList
FN:40,(anonymous_1)
FN:59,(anonymous_2)
FN:63,(anonymous_3)
FN:69,(anonymous_4)
FN:88,(anonymous_5)
FN:93,(anonymous_6)
FN:131,(anonymous_7)
FN:154,(anonymous_8)
FN:193,(anonymous_9)
FN:202,(anonymous_10)
FN:219,(anonymous_11)
FNF:12
FNH:0
FNDA:0,SupplierList
FNDA:0,(anonymous_1)
FNDA:0,(anonymous_2)
FNDA:0,(anonymous_3)
FNDA:0,(anonymous_4)
FNDA:0,(anonymous_5)
FNDA:0,(anonymous_6)
FNDA:0,(anonymous_7)
FNDA:0,(anonymous_8)
FNDA:0,(anonymous_9)
FNDA:0,(anonymous_10)
FNDA:0,(anonymous_11)
DA:24,0
DA:27,0
DA:28,0
DA:29,0
DA:30,0
DA:31,0
DA:32,0
DA:33,0
DA:34,0
DA:35,0
DA:36,0
DA:38,0
DA:40,0
DA:41,0
DA:42,0
DA:43,0
DA:48,0
DA:49,0
DA:50,0
DA:51,0
DA:53,0
DA:55,0
DA:59,0
DA:60,0
DA:63,0
DA:64,0
DA:65,0
DA:66,0
DA:69,0
DA:70,0
DA:71,0
DA:72,0
DA:77,0
DA:78,0
DA:79,0
DA:80,0
DA:82,0
DA:84,0
DA:88,0
DA:89,0
DA:90,0
DA:93,0
DA:94,0
DA:96,0
DA:97,0
DA:98,0
DA:99,0
DA:101,0
DA:103,0
DA:104,0
DA:108,0
DA:131,0
DA:154,0
DA:193,0
DA:202,0
DA:219,0
LF:56
LH:0
BRDA:38,0,0,0
BRDA:38,0,1,0
BRDA:40,1,0,0
BRDA:46,2,0,0
BRDA:46,2,1,0
BRDA:53,3,0,0
BRDA:53,3,1,0
BRDA:75,4,0,0
BRDA:75,4,1,0
BRDA:82,5,0,0
BRDA:82,5,1,0
BRDA:94,6,0,0
BRDA:94,6,1,0
BRDA:101,7,0,0
BRDA:101,7,1,0
BRDA:115,8,0,0
BRDA:115,8,1,0
BRDA:137,9,0,0
BRDA:137,9,1,0
BRDA:143,10,0,0
BRDA:143,10,1,0
BRDA:147,11,0,0
BRDA:147,11,1,0
BRDA:162,12,0,0
BRDA:162,12,1,0
BRDA:163,13,0,0
BRDA:163,13,1,0
BRDA:168,14,0,0
BRDA:168,14,1,0
BRDA:173,15,0,0
BRDA:173,15,1,0
BRDA:178,16,0,0
BRDA:178,16,1,0
BRDA:188,17,0,0
BRDA:188,17,1,0
BRF:35
BRH:0
end_of_record
TN:
SF:src\pages\admin\system\AuditLogs.tsx
FN:72,AuditLogs
FN:84,(anonymous_1)
FN:89,(anonymous_2)
FN:105,(anonymous_3)
FN:114,(anonymous_4)
FN:121,(anonymous_5)
FN:131,(anonymous_6)
FN:131,(anonymous_7)
FN:207,(anonymous_8)
FN:216,(anonymous_9)
FN:227,(anonymous_10)
FN:236,(anonymous_11)
FN:247,(anonymous_12)
FN:255,(anonymous_13)
FN:263,(anonymous_14)
FN:276,(anonymous_15)
FN:312,(anonymous_16)
FNF:17
FNH:0
FNDA:0,AuditLogs
FNDA:0,(anonymous_1)
FNDA:0,(anonymous_2)
FNDA:0,(anonymous_3)
FNDA:0,(anonymous_4)
FNDA:0,(anonymous_5)
FNDA:0,(anonymous_6)
FNDA:0,(anonymous_7)
FNDA:0,(anonymous_8)
FNDA:0,(anonymous_9)
FNDA:0,(anonymous_10)
FNDA:0,(anonymous_11)
FNDA:0,(anonymous_12)
FNDA:0,(anonymous_13)
FNDA:0,(anonymous_14)
FNDA:0,(anonymous_15)
FNDA:0,(anonymous_16)
DA:29,0
DA:31,0
DA:44,0
DA:58,0
DA:73,0
DA:74,0
DA:75,0
DA:76,0
DA:77,0
DA:78,0
DA:82,0
DA:84,0
DA:85,0
DA:86,0
DA:89,0
DA:90,0
DA:91,0
DA:92,0
DA:93,0
DA:94,0
DA:95,0
DA:96,0
DA:98,0
DA:99,0
DA:101,0
DA:105,0
DA:106,0
DA:107,0
DA:108,0
DA:110,0
DA:114,0
DA:115,0
DA:116,0
DA:117,0
DA:118,0
DA:120,0
DA:121,0
DA:129,0
DA:131,0
DA:134,0
DA:135,0
DA:136,0
DA:137,0
DA:138,0
DA:139,0
DA:140,0
DA:141,0
DA:142,0
DA:144,0
DA:146,0
DA:150,0
DA:208,0
DA:216,0
DA:228,0
DA:236,0
DA:247,0
DA:255,0
DA:263,0
DA:277,0
DA:278,0
DA:312,0
LF:61
LH:0
BRDA:85,0,0,0
BRDA:85,0,1,0
BRDA:89,1,0,0
BRDA:93,2,0,0
BRDA:93,2,1,0
BRDA:94,3,0,0
BRDA:94,3,1,0
BRDA:94,3,2,0
BRDA:95,4,0,0
BRDA:95,4,1,0
BRDA:95,4,2,0
BRDA:96,5,0,0
BRDA:96,5,1,0
BRDA:96,5,2,0
BRDA:118,6,0,0
BRDA:118,6,1,0
BRDA:118,6,2,0
BRDA:123,7,0,0
BRDA:123,7,1,0
BRDA:125,8,0,0
BRDA:125,8,1,0
BRDA:165,9,0,0
BRDA:165,9,1,0
BRDA:170,10,0,0
BRDA:170,10,1,0
BRDA:176,11,0,0
BRDA:176,11,1,0
BRDA:182,12,0,0
BRDA:182,12,1,0
BRDA:188,13,0,0
BRDA:188,13,1,0
BRDA:206,14,0,0
BRDA:206,14,1,0
BRDA:208,15,0,0
BRDA:208,15,1,0
BRDA:226,16,0,0
BRDA:226,16,1,0
BRDA:228,17,0,0
BRDA:228,17,1,0
BRDA:246,18,0,0
BRDA:246,18,1,0
BRDA:254,19,0,0
BRDA:254,19,1,0
BRDA:286,20,0,0
BRDA:286,20,1,0
BRDA:290,21,0,0
BRDA:290,21,1,0
BRDA:294,22,0,0
BRDA:294,22,1,0
BRDA:319,23,0,0
BRDA:319,23,1,0
BRDA:321,24,0,0
BRDA:321,24,1,0
BRDA:326,25,0,0
BRDA:326,25,1,0
BRDA:332,26,0,0
BRDA:332,26,1,0
BRF:57
BRH:0
end_of_record
TN:
SF:src\pages\admin\system\BackupRestore.tsx
FN:31,BackupRestore
FN:50,(anonymous_1)
FN:54,(anonymous_2)
FN:67,(anonymous_3)
FN:81,(anonymous_4)
FN:91,(anonymous_5)
FN:96,(anonymous_6)
FN:108,(anonymous_7)
FN:142,(anonymous_8)
FN:149,(anonymous_9)
FN:175,(anonymous_10)
FN:257,(anonymous_11)
FN:271,(anonymous_12)
FN:279,(anonymous_13)
FN:289,(anonymous_14)
FN:341,(anonymous_15)
FN:354,(anonymous_16)
FN:373,(anonymous_17)
FN:382,(anonymous_18)
FNF:19
FNH:13
FNDA:37,BackupRestore
FNDA:10,(anonymous_1)
FNDA:11,(anonymous_2)
FNDA:2,(anonymous_3)
FNDA:1,(anonymous_4)
FNDA:1,(anonymous_5)
FNDA:0,(anonymous_6)
FNDA:1,(anonymous_7)
FNDA:1,(anonymous_8)
FNDA:0,(anonymous_9)
FNDA:30,(anonymous_10)
FNDA:30,(anonymous_11)
FNDA:1,(anonymous_12)
FNDA:1,(anonymous_13)
FNDA:1,(anonymous_14)
FNDA:0,(anonymous_15)
FNDA:0,(anonymous_16)
FNDA:0,(anonymous_17)
FNDA:0,(anonymous_18)
DA:32,37
DA:33,37
DA:34,37
DA:35,37
DA:36,37
DA:37,37
DA:38,37
DA:39,37
DA:42,37
DA:43,37
DA:44,37
DA:45,37
DA:46,37
DA:47,37
DA:48,37
DA:50,37
DA:51,10
DA:54,37
DA:55,11
DA:56,11
DA:57,11
DA:58,10
DA:60,1
DA:61,1
DA:63,11
DA:67,37
DA:68,2
DA:69,2
DA:70,2
DA:71,1
DA:72,1
DA:74,1
DA:75,1
DA:77,2
DA:81,37
DA:82,1
DA:83,1
DA:84,1
DA:86,0
DA:87,0
DA:91,37
DA:92,1
DA:93,1
DA:96,37
DA:97,0
DA:98,0
DA:99,0
DA:100,0
DA:101,0
DA:103,0
DA:104,0
DA:108,37
DA:109,1
DA:111,1
DA:112,0
DA:116,1
DA:117,1
DA:118,1
DA:119,1
DA:121,1
DA:124,0
DA:125,0
DA:126,0
DA:127,0
DA:130,0
DA:131,0
DA:134,0
DA:136,0
DA:138,0
DA:142,37
DA:143,1
DA:144,1
DA:145,1
DA:146,1
DA:149,37
DA:150,0
DA:151,0
DA:152,0
DA:154,0
DA:155,0
DA:156,0
DA:159,0
DA:160,0
DA:161,0
DA:162,0
DA:163,0
DA:164,0
DA:166,0
DA:168,0
DA:169,0
DA:171,0
DA:175,37
DA:176,30
DA:177,30
DA:178,30
DA:179,30
DA:180,30
DA:183,37
DA:257,30
DA:271,1
DA:279,1
DA:289,1
DA:341,0
DA:354,0
DA:373,0
DA:382,0
LF:106
LH:67
BRDA:74,0,0,1
BRDA:74,0,1,0
BRDA:111,1,0,0
BRDA:111,1,1,1
BRDA:116,2,0,1
BRDA:116,2,1,0
BRDA:118,3,0,1
BRDA:118,3,1,0
BRDA:130,4,0,0
BRDA:130,4,1,0
BRDA:136,5,0,0
BRDA:136,5,1,0
BRDA:150,6,0,0
BRDA:150,6,1,0
BRDA:154,7,0,0
BRDA:154,7,1,0
BRDA:163,8,0,0
BRDA:163,8,1,0
BRDA:168,9,0,0
BRDA:168,9,1,0
BRDA:176,10,0,0
BRDA:176,10,1,30
BRDA:193,11,0,37
BRDA:193,11,1,37
BRDA:212,12,0,0
BRDA:212,12,1,37
BRDA:219,13,0,11
BRDA:219,13,1,26
BRDA:224,14,0,2
BRDA:224,14,1,35
BRDA:234,15,0,37
BRDA:234,15,1,0
BRDA:238,16,0,22
BRDA:238,16,1,15
BRDA:275,17,0,30
BRDA:275,17,1,30
BRDA:283,18,0,0
BRDA:283,18,1,30
BRDA:364,19,0,37
BRDA:364,19,1,0
BRDA:373,20,0,0
BRDA:373,20,1,0
BRF:42
BRH:19
end_of_record
TN:
SF:src\pages\admin\system\Settings.tsx
FN:9,Settings
FN:27,(anonymous_1)
FN:31,(anonymous_2)
FN:58,(anonymous_3)
FN:110,(anonymous_4)
FN:120,(anonymous_5)
FN:130,(anonymous_6)
FN:140,(anonymous_7)
FN:150,(anonymous_8)
FN:167,(anonymous_9)
FN:177,(anonymous_10)
FN:186,(anonymous_11)
FN:197,(anonymous_12)
FN:217,(anonymous_13)
FNF:14
FNH:5
FNDA:29,Settings
FNDA:9,(anonymous_1)
FNDA:9,(anonymous_2)
FNDA:4,(anonymous_3)
FNDA:1,(anonymous_4)
FNDA:0,(anonymous_5)
FNDA:0,(anonymous_6)
FNDA:0,(anonymous_7)
FNDA:0,(anonymous_8)
FNDA:0,(anonymous_9)
FNDA:0,(anonymous_10)
FNDA:0,(anonymous_11)
FNDA:0,(anonymous_12)
FNDA:0,(anonymous_13)
DA:10,29
DA:11,29
DA:12,29
DA:14,29
DA:27,29
DA:28,9
DA:31,29
DA:32,9
DA:33,9
DA:34,9
DA:35,7
DA:36,7
DA:37,7
DA:49,7
DA:52,1
DA:54,8
DA:58,29
DA:59,4
DA:60,4
DA:61,4
DA:73,4
DA:74,2
DA:75,4
DA:77,1
DA:79,3
DA:83,29
DA:84,9
DA:91,20
DA:110,1
DA:120,0
DA:130,0
DA:140,0
DA:150,0
DA:167,0
DA:177,0
DA:186,0
DA:197,0
DA:217,0
LF:38
LH:29
BRDA:36,0,0,7
BRDA:36,0,1,0
BRDA:38,1,0,7
BRDA:38,1,1,0
BRDA:39,2,0,7
BRDA:39,2,1,0
BRDA:40,3,0,7
BRDA:40,3,1,0
BRDA:41,4,0,7
BRDA:41,4,1,0
BRDA:42,5,0,7
BRDA:42,5,1,0
BRDA:43,6,0,7
BRDA:43,6,1,0
BRDA:44,7,0,7
BRDA:44,7,1,0
BRDA:45,8,0,7
BRDA:45,8,1,0
BRDA:46,9,0,7
BRDA:46,9,1,0
BRDA:47,10,0,7
BRDA:47,10,1,7
BRDA:47,10,2,0
BRDA:49,11,0,7
BRDA:49,11,1,0
BRDA:49,12,0,7
BRDA:49,12,1,0
BRDA:70,13,0,4
BRDA:70,13,1,0
BRDA:74,14,0,2
BRDA:74,14,1,0
BRDA:83,15,0,9
BRDA:83,15,1,20
BRDA:177,16,0,0
BRDA:177,16,1,0
BRDA:217,17,0,0
BRDA:217,17,1,0
BRDA:229,18,0,4
BRDA:229,18,1,16
BRF:39
BRH:20
end_of_record
TN:
SF:src\pages\admin\users\UserCreate.tsx
FN:1,UserCreate
FNF:1
FNH:0
FNDA:0,UserCreate
DA:2,0
LF:1
LH:0
BRF:0
BRH:0
end_of_record
TN:
SF:src\pages\admin\users\UserEdit.tsx
FN:1,UserEdit
FNF:1
FNH:0
FNDA:0,UserEdit
DA:2,0
LF:1
LH:0
BRF:0
BRH:0
end_of_record
TN:
SF:src\pages\admin\users\UserList.tsx
FN:59,UserList
FN:81,(anonymous_1)
FN:85,(anonymous_2)
FN:101,(anonymous_3)
FN:123,(anonymous_4)
FN:145,(anonymous_5)
FN:156,(anonymous_6)
FN:167,(anonymous_7)
FN:230,(anonymous_8)
FN:289,(anonymous_9)
FN:310,(anonymous_10)
FN:322,(anonymous_11)
FN:329,(anonymous_12)
FN:340,(anonymous_13)
FN:427,(anonymous_14)
FN:441,(anonymous_15)
FN:457,(anonymous_16)
FN:475,(anonymous_17)
FN:494,(anonymous_18)
FNF:19
FNH:8
FNDA:27,UserList
FNDA:9,(anonymous_1)
FNDA:10,(anonymous_2)
FNDA:0,(anonymous_3)
FNDA:0,(anonymous_4)
FNDA:2,(anonymous_5)
FNDA:0,(anonymous_6)
FNDA:1,(anonymous_7)
FNDA:0,(anonymous_8)
FNDA:45,(anonymous_9)
FNDA:0,(anonymous_10)
FNDA:0,(anonymous_11)
FNDA:0,(anonymous_12)
FNDA:0,(anonymous_13)
FNDA:1,(anonymous_14)
FNDA:1,(anonymous_15)
FNDA:0,(anonymous_16)
FNDA:0,(anonymous_17)
FNDA:0,(anonymous_18)
DA:53,1
DA:60,27
DA:61,27
DA:63,27
DA:64,27
DA:65,27
DA:66,27
DA:67,27
DA:68,27
DA:69,27
DA:70,27
DA:71,27
DA:74,27
DA:81,27
DA:82,9
DA:85,27
DA:86,10
DA:87,10
DA:88,10
DA:89,8
DA:91,1
DA:97,9
DA:101,27
DA:102,0
DA:104,0
DA:105,0
DA:106,0
DA:110,0
DA:112,0
DA:118,0
DA:119,0
DA:123,27
DA:124,0
DA:126,0
DA:127,0
DA:128,0
DA:132,0
DA:134,0
DA:140,0
DA:141,0
DA:145,27
DA:146,2
DA:147,2
DA:153,2
DA:156,27
DA:157,0
DA:158,0
DA:164,0
DA:167,27
DA:168,1
DA:169,1
DA:171,1
DA:172,1
DA:174,0
DA:177,0
DA:178,0
DA:182,0
DA:183,0
DA:187,0
DA:188,0
DA:192,0
DA:193,0
DA:196,0
DA:197,0
DA:203,1
DA:210,1
DA:211,1
DA:217,1
DA:218,1
DA:220,0
DA:226,1
DA:230,27
DA:231,0
DA:232,0
DA:233,0
DA:237,0
DA:239,0
DA:247,27
DA:248,10
DA:255,17
DA:289,45
DA:310,0
DA:322,0
DA:330,0
DA:331,0
DA:341,0
DA:342,0
DA:428,1
DA:442,1
DA:458,0
DA:476,0
DA:494,0
LF:92
LH:47
BRDA:102,0,0,0
BRDA:102,0,1,0
BRDA:114,1,0,0
BRDA:114,1,1,0
BRDA:124,2,0,0
BRDA:124,2,1,0
BRDA:136,3,0,0
BRDA:136,3,1,0
BRDA:172,4,0,0
BRDA:172,4,1,1
BRDA:177,5,0,0
BRDA:177,5,1,0
BRDA:182,6,0,0
BRDA:182,6,1,0
BRDA:187,7,0,0
BRDA:187,7,1,0
BRDA:192,8,0,0
BRDA:192,8,1,0
BRDA:222,9,0,0
BRDA:222,9,1,0
BRDA:235,10,0,0
BRDA:235,10,1,0
BRDA:241,11,0,0
BRDA:241,11,1,0
BRDA:247,12,0,10
BRDA:247,12,1,17
BRDA:282,13,0,2
BRDA:282,13,1,15
BRDA:295,14,0,15
BRDA:295,14,1,30
BRDA:298,15,0,15
BRDA:298,15,1,30
BRDA:303,16,0,45
BRDA:303,16,1,0
BRDA:312,17,0,30
BRDA:312,17,1,15
BRDA:313,18,0,30
BRDA:313,18,1,15
BRDA:413,19,0,0
BRDA:413,19,1,17
BRDA:416,20,0,0
BRDA:416,20,1,17
BRDA:451,21,0,0
BRDA:451,21,1,17
BRDA:462,22,0,0
BRDA:462,22,1,17
BRDA:464,23,0,27
BRDA:464,23,1,0
BRDA:500,24,0,1
BRDA:500,24,1,16
BRDA:505,25,0,0
BRDA:505,25,1,16
BRF:52
BRH:22
end_of_record
TN:
SF:src\pages\auth\Login.tsx
FN:12,(anonymous_0)
FN:18,(anonymous_1)
FN:24,(anonymous_2)
FN:36,(anonymous_3)
FN:116,(anonymous_4)
FN:133,(anonymous_5)
FN:139,(anonymous_6)
FNF:7
FNH:0
FNDA:0,(anonymous_0)
FNDA:0,(anonymous_1)
FNDA:0,(anonymous_2)
FNDA:0,(anonymous_3)
FNDA:0,(anonymous_4)
FNDA:0,(anonymous_5)
FNDA:0,(anonymous_6)
DA:12,0
DA:13,0
DA:14,0
DA:15,0
DA:18,0
DA:19,0
DA:20,0
DA:21,0
DA:22,0
DA:24,0
DA:25,0
DA:26,0
DA:30,0
DA:31,0
DA:32,0
DA:33,0
DA:34,0
DA:36,0
DA:37,0
DA:38,0
DA:41,0
DA:42,0
DA:43,0
DA:46,0
DA:47,0
DA:48,0
DA:51,0
DA:52,0
DA:53,0
DA:56,0
DA:57,0
DA:58,0
DA:61,0
DA:63,0
DA:64,0
DA:66,0
DA:67,0
DA:70,0
DA:72,0
DA:74,0
DA:78,0
DA:116,0
DA:133,0
DA:139,0
LF:44
LH:0
BRDA:26,0,0,0
BRDA:26,0,1,0
BRDA:26,1,0,0
BRDA:26,1,1,0
BRDA:41,2,0,0
BRDA:41,2,1,0
BRDA:46,3,0,0
BRDA:46,3,1,0
BRDA:51,4,0,0
BRDA:51,4,1,0
BRDA:56,5,0,0
BRDA:56,5,1,0
BRDA:66,6,0,0
BRDA:66,6,1,0
BRDA:70,7,0,0
BRDA:70,7,1,0
BRDA:98,8,0,0
BRDA:98,8,1,0
BRDA:130,9,0,0
BRDA:130,9,1,0
BRDA:143,10,0,0
BRDA:143,10,1,0
BRDA:154,11,0,0
BRDA:154,11,1,0
BRF:24
BRH:0
end_of_record
TN:
SF:src\pages\errors\Forbidden.tsx
FN:1,Forbidden
FNF:1
FNH:0
FNDA:0,Forbidden
DA:2,0
LF:1
LH:0
BRF:0
BRH:0
end_of_record
TN:
SF:src\pages\errors\NotFound.tsx
FN:1,NotFound
FNF:1
FNH:0
FNDA:0,NotFound
DA:2,0
LF:1
LH:0
BRF:0
BRH:0
end_of_record
TN:
SF:src\types\ims.ts
FNF:0
FNH:0
LF:0
LH:0
BRF:0
BRH:0
end_of_record
TN:
SF:src\utils\barcodeScanner.ts
FN:9,_define_property
FN:40,(anonymous_1)
FN:51,(anonymous_2)
FN:117,(anonymous_3)
FN:141,(anonymous_4)
FN:158,(anonymous_5)
FN:169,(anonymous_6)
FN:26,(anonymous_7)
FN:63,(anonymous_8)
FN:84,(anonymous_9)
FN:104,(anonymous_10)
FN:177,(anonymous_11)
FNF:12
FNH:0
FNDA:0,_define_property
FNDA:0,(anonymous_1)
FNDA:0,(anonymous_2)
FNDA:0,(anonymous_3)
FNDA:0,(anonymous_4)
FNDA:0,(anonymous_5)
FNDA:0,(anonymous_6)
FNDA:0,(anonymous_7)
FNDA:0,(anonymous_8)
FNDA:0,(anonymous_9)
FNDA:0,(anonymous_10)
FNDA:0,(anonymous_11)
DA:21,0
DA:22,0
DA:23,0
DA:24,0
DA:27,0
DA:41,0
DA:43,0
DA:44,0
DA:45,0
DA:52,0
DA:54,0
DA:55,0
DA:56,0
DA:57,0
DA:63,0
DA:65,0
DA:66,0
DA:70,0
DA:71,0
DA:72,0
DA:73,0
DA:76,0
DA:77,0
DA:84,0
DA:86,0
DA:87,0
DA:91,0
DA:92,0
DA:96,0
DA:99,0
DA:100,0
DA:104,0
DA:105,0
DA:107,0
DA:108,0
DA:118,0
DA:121,0
DA:122,0
DA:123,0
DA:124,0
DA:128,0
DA:129,0
DA:130,0
DA:135,0
DA:142,0
DA:145,0
DA:149,0
DA:152,0
DA:159,0
DA:160,0
DA:161,0
DA:162,0
DA:170,0
DA:177,0
DA:178,0
LF:55
LH:0
BRDA:41,0,0,0
BRDA:41,0,1,0
BRDA:52,1,0,0
BRDA:52,1,1,0
BRDA:121,2,0,0
BRDA:121,2,1,0
BRDA:121,3,0,0
BRDA:121,3,1,0
BRDA:123,4,0,0
BRDA:123,4,1,0
BRDA:129,5,0,0
BRDA:129,5,1,0
BRDA:145,6,0,0
BRDA:145,6,1,0
BRDA:146,7,0,0
BRDA:146,7,1,0
BRDA:146,8,0,0
BRDA:146,8,1,0
BRDA:147,9,0,0
BRDA:147,9,1,0
BRDA:160,10,0,0
BRDA:160,10,1,0
BRDA:65,11,0,0
BRDA:65,11,1,0
BRDA:70,12,0,0
BRDA:70,12,1,0
BRDA:70,13,0,0
BRDA:70,13,1,0
BRDA:71,14,0,0
BRDA:71,14,1,0
BRDA:86,15,0,0
BRDA:86,15,1,0
BRDA:91,16,0,0
BRDA:91,16,1,0
BRDA:91,17,0,0
BRDA:91,17,1,0
BRDA:91,17,2,0
BRDA:91,17,3,0
BRDA:99,18,0,0
BRDA:99,18,1,0
BRDA:105,19,0,0
BRDA:105,19,1,0
BRDA:105,20,0,0
BRDA:105,20,1,0
BRDA:107,21,0,0
BRDA:107,21,1,0
BRDA:107,22,0,0
BRDA:107,22,1,0
BRF:48
BRH:0
end_of_record
